"../../../Engine/Content/EditorResources/S_Actor.ubulk" 0
"../../../Engine/Content/EditorResources/S_Actor.uasset" 1
"../../../Engine/Content/EditorResources/S_Actor.uexp" 2
"../../../Engine/Content/EditorResources/S_BoxReflectionCapture.uasset" 3
"../../../Engine/Content/EditorResources/S_BoxReflectionCapture.uexp" 4
"../../../Engine/Content/EngineResources/DefaultTexture.ubulk" 5
"../../../Engine/Content/EngineResources/DefaultTexture.uasset" 6
"../../../Engine/Content/EngineResources/DefaultTexture.uexp" 7
"../../../Engine/Content/EngineResources/DefaultTextureCube.uasset" 8
"../../../Engine/Content/EngineResources/DefaultTextureCube.uexp" 9
"../../../Engine/Content/EngineResources/DefaultVolumeTexture2D.uasset" 10
"../../../Engine/Content/EngineResources/DefaultVolumeTexture2D.uexp" 11
"../../../Engine/Content/EngineResources/DefaultVolumeTexture.uasset" 12
"../../../Engine/Content/EngineResources/DefaultVolumeTexture.uexp" 13
"../../../Engine/Content/EditorResources/S_Trigger.ubulk" 14
"../../../Engine/Content/EditorResources/S_Trigger.uasset" 15
"../../../Engine/Content/EditorResources/S_Trigger.uexp" 16
"../../../Engine/Content/EditorResources/S_TriggerBox.uasset" 17
"../../../Engine/Content/EditorResources/S_TriggerBox.uexp" 18
"../../../Engine/Content/EditorResources/S_TriggerCapsule.uasset" 19
"../../../Engine/Content/EditorResources/S_TriggerCapsule.uexp" 20
"../../../Engine/Content/EditorResources/S_TriggerSphere.uasset" 21
"../../../Engine/Content/EditorResources/S_TriggerSphere.uexp" 22
"../../../Engine/Content/EngineMeshes/Sphere.ubulk" 23
"../../../Engine/Content/EngineMeshes/Sphere.uasset" 24
"../../../Engine/Content/EngineMeshes/Sphere.uexp" 25
"../../../Engine/Content/EngineResources/GradientTexture0.uasset" 26
"../../../Engine/Content/EngineResources/GradientTexture0.uexp" 27
"../../../Engine/Content/EngineResources/Black.uasset" 28
"../../../Engine/Content/EngineResources/Black.uexp" 29
"../../../Engine/Content/VREditor/LaserPointer/VR_LaserPower_01.ubulk" 30
"../../../Engine/Content/VREditor/LaserPointer/VR_LaserPower_01.uasset" 31
"../../../Engine/Content/VREditor/LaserPointer/VR_LaserPower_01.uexp" 32
"../../../Engine/Content/VREditor/TransformGizmo/TransformGizmoMaterial.uasset" 33
"../../../Engine/Content/VREditor/TransformGizmo/TransformGizmoMaterial.uexp" 34
"../../../Engine/Content/VREditor/TransformGizmo/TranslucentTransformGizmoMaterial.uasset" 35
"../../../Engine/Content/VREditor/TransformGizmo/TranslucentTransformGizmoMaterial.uexp" 36
"../../../Engine/Content/VREditor/TransformGizmo/BoundingBoxCorner.ubulk" 37
"../../../Engine/Content/VREditor/TransformGizmo/BoundingBoxCorner.uasset" 38
"../../../Engine/Content/VREditor/TransformGizmo/BoundingBoxCorner.uexp" 39
"../../../Engine/Content/VREditor/TransformGizmo/BoundingBoxEdge.ubulk" 40
"../../../Engine/Content/VREditor/TransformGizmo/BoundingBoxEdge.uasset" 41
"../../../Engine/Content/VREditor/TransformGizmo/BoundingBoxEdge.uexp" 42
"../../../Engine/Content/VREditor/TransformGizmo/Main.uasset" 43
"../../../Engine/Content/VREditor/TransformGizmo/Main.uexp" 44
"../../../Engine/Content/VREditor/TransformGizmo/Xray.uasset" 45
"../../../Engine/Content/VREditor/TransformGizmo/Xray.uexp" 46
"../../../Engine/Content/VREditor/TransformGizmo/SM_Sequencer_Node.ubulk" 47
"../../../Engine/Content/VREditor/TransformGizmo/SM_Sequencer_Node.uasset" 48
"../../../Engine/Content/VREditor/TransformGizmo/SM_Sequencer_Node.uexp" 49
"../../../Engine/Content/EditorResources/S_Solver.ubulk" 50
"../../../Engine/Content/EditorResources/S_Solver.uasset" 51
"../../../Engine/Content/EditorResources/S_Solver.uexp" 52
"../../../Engine/Content/EditorMaterials/Camera/CineMat.uasset" 53
"../../../Engine/Content/EditorMaterials/Camera/CineMat.uexp" 54
"../../../Engine/Content/EditorMaterials/Camera/MI_CineMat_Rig.uasset" 55
"../../../Engine/Content/EditorMaterials/Camera/MI_CineMat_Rig.uexp" 56
"../../../Engine/Content/EditorMeshes/Camera/SM_CraneRig_Base.ubulk" 57
"../../../Engine/Content/EditorMeshes/Camera/SM_CraneRig_Base.uasset" 58
"../../../Engine/Content/EditorMeshes/Camera/SM_CraneRig_Base.uexp" 59
"../../../Engine/Content/EditorMeshes/Camera/SM_CraneRig_Arm.ubulk" 60
"../../../Engine/Content/EditorMeshes/Camera/SM_CraneRig_Arm.uasset" 61
"../../../Engine/Content/EditorMeshes/Camera/SM_CraneRig_Arm.uexp" 62
"../../../Engine/Content/EditorMeshes/Camera/SM_CraneRig_Mount.ubulk" 63
"../../../Engine/Content/EditorMeshes/Camera/SM_CraneRig_Mount.uasset" 64
"../../../Engine/Content/EditorMeshes/Camera/SM_CraneRig_Mount.uexp" 65
"../../../Engine/Content/EditorMeshes/Camera/SM_CraneRig_Body.ubulk" 66
"../../../Engine/Content/EditorMeshes/Camera/SM_CraneRig_Body.uasset" 67
"../../../Engine/Content/EditorMeshes/Camera/SM_CraneRig_Body.uexp" 68
"../../../Engine/Content/EditorMeshes/Camera/SM_RailRig_Track.ubulk" 69
"../../../Engine/Content/EditorMeshes/Camera/SM_RailRig_Track.uasset" 70
"../../../Engine/Content/EditorMeshes/Camera/SM_RailRig_Track.uexp" 71
"../../../Engine/Content/EditorMeshes/Camera/SM_RailRig_Mount.ubulk" 72
"../../../Engine/Content/EditorMeshes/Camera/SM_RailRig_Mount.uasset" 73
"../../../Engine/Content/EditorMeshes/Camera/SM_RailRig_Mount.uexp" 74
"../../../Engine/Content/EngineMaterials/T_Default_Material_Grid_M.ubulk" 75
"../../../Engine/Content/EngineMaterials/T_Default_Material_Grid_M.uasset" 76
"../../../Engine/Content/EngineMaterials/T_Default_Material_Grid_M.uexp" 77
"../../../Engine/Content/EngineMaterials/T_Default_Material_Grid_N.ubulk" 78
"../../../Engine/Content/EngineMaterials/T_Default_Material_Grid_N.uasset" 79
"../../../Engine/Content/EngineMaterials/T_Default_Material_Grid_N.uexp" 80
"../../../Engine/Content/Functions/Engine_MaterialFunctions01/Opacity/CameraDepthFade.uasset" 81
"../../../Engine/Content/Functions/Engine_MaterialFunctions01/Opacity/CameraDepthFade.uexp" 82
"../../../Engine/Content/EngineMaterials/WorldGridMaterial.uasset" 83
"../../../Engine/Content/EngineMaterials/WorldGridMaterial.uexp" 84
"../../../Engine/Content/ArtTools/RenderToTexture/Meshes/S_1_Unit_Plane.ubulk" 85
"../../../Engine/Content/ArtTools/RenderToTexture/Meshes/S_1_Unit_Plane.uasset" 86
"../../../Engine/Content/ArtTools/RenderToTexture/Meshes/S_1_Unit_Plane.uexp" 87
"../../../Engine/Content/EditorMaterials/ParticleSystems/PSysThumbnail_NoImage.ubulk" 88
"../../../Engine/Content/EditorMaterials/ParticleSystems/PSysThumbnail_NoImage.uasset" 89
"../../../Engine/Content/EditorMaterials/ParticleSystems/PSysThumbnail_NoImage.uexp" 90
"../../../Engine/Content/EditorMaterials/ParticleSystems/PSysThumbnail_OOD.ubulk" 91
"../../../Engine/Content/EditorMaterials/ParticleSystems/PSysThumbnail_OOD.uasset" 92
"../../../Engine/Content/EditorMaterials/ParticleSystems/PSysThumbnail_OOD.uexp" 93
"../../../Engine/Content/EditorLandscapeResources/SplineEditorMeshMat.uasset" 94
"../../../Engine/Content/EditorLandscapeResources/SplineEditorMeshMat.uexp" 95
"../../../Engine/Content/EditorLandscapeResources/SplineEditorMesh.ubulk" 96
"../../../Engine/Content/EditorLandscapeResources/SplineEditorMesh.uasset" 97
"../../../Engine/Content/EditorLandscapeResources/SplineEditorMesh.uexp" 98
"../../../Engine/Plugins/Media/MediaPlate/Content/SM_MediaPlateScreen.ubulk" 99
"../../../Engine/Plugins/Media/MediaPlate/Content/SM_MediaPlateScreen.uasset" 100
"../../../Engine/Plugins/Media/MediaPlate/Content/SM_MediaPlateScreen.uexp" 101
"../../../Engine/Content/EngineMaterials/DefaultBokeh.uasset" 102
"../../../Engine/Content/EngineMaterials/DefaultBokeh.uexp" 103
"../../../Engine/Content/EngineMaterials/MiniFont.uasset" 104
"../../../Engine/Content/EngineMaterials/MiniFont.uexp" 105
"../../../Engine/Content/EngineMaterials/WeightMapPlaceholderTexture.uasset" 106
"../../../Engine/Content/EngineMaterials/WeightMapPlaceholderTexture.uexp" 107
"../../../Engine/Content/EngineMaterials/WeightMapArrayPlaceholderTexture.uasset" 108
"../../../Engine/Content/EngineMaterials/WeightMapArrayPlaceholderTexture.uexp" 109
"../../../Engine/Content/EngineMaterials/DefaultWhiteGrid.ubulk" 110
"../../../Engine/Content/EngineMaterials/DefaultWhiteGrid.uasset" 111
"../../../Engine/Content/EngineMaterials/DefaultWhiteGrid.uexp" 112
"../../../Engine/Content/EngineMaterials/PreintegratedSkinBRDF.uasset" 113
"../../../Engine/Content/EngineMaterials/PreintegratedSkinBRDF.uexp" 114
"C:/Users/LabTIME/Documents/Unreal Projects/TocaDiscos/Content/Art/Materials/NewMaterial1.uasset" 115
"C:/Users/LabTIME/Documents/Unreal Projects/TocaDiscos/Content/Art/Materials/NewMaterial1.uexp" 116
"../../../Engine/Plugins/Runtime/MeshModelingToolset/Content/Materials/M_DynamicMeshComponentVtxColor.uasset" 117
"../../../Engine/Plugins/Runtime/MeshModelingToolset/Content/Materials/M_DynamicMeshComponentVtxColor.uexp" 118
"../../../Engine/Plugins/Interchange/Runtime/Content/Pipelines/DefaultTexturePipeline.uasset" 119
"../../../Engine/Plugins/Interchange/Runtime/Content/Pipelines/DefaultTexturePipeline.uexp" 120
"../../../Engine/Plugins/Interchange/Runtime/Content/Pipelines/DefaultSceneLevelPipeline.uasset" 121
"../../../Engine/Plugins/Interchange/Runtime/Content/Pipelines/DefaultSceneLevelPipeline.uexp" 122
"../../../Engine/Plugins/Interchange/Runtime/Content/Pipelines/DefaultSceneAssetsPipeline.uasset" 123
"../../../Engine/Plugins/Interchange/Runtime/Content/Pipelines/DefaultSceneAssetsPipeline.uexp" 124
"../../../Engine/Plugins/Interchange/Runtime/Content/Pipelines/DefaultMaterialXPipeline.uasset" 125
"../../../Engine/Plugins/Interchange/Runtime/Content/Pipelines/DefaultMaterialXPipeline.uexp" 126
"../../../Engine/Plugins/Interchange/Runtime/Content/Pipelines/DefaultMaterialPipeline.uasset" 127
"../../../Engine/Plugins/Interchange/Runtime/Content/Pipelines/DefaultMaterialPipeline.uexp" 128
"../../../Engine/Plugins/Interchange/Runtime/Content/Pipelines/DefaultGLTFSceneAssetsPipeline.uasset" 129
"../../../Engine/Plugins/Interchange/Runtime/Content/Pipelines/DefaultGLTFSceneAssetsPipeline.uexp" 130
"../../../Engine/Plugins/Interchange/Runtime/Content/Pipelines/DefaultGLTFPipeline.uasset" 131
"../../../Engine/Plugins/Interchange/Runtime/Content/Pipelines/DefaultGLTFPipeline.uexp" 132
"../../../Engine/Plugins/Interchange/Runtime/Content/Pipelines/DefaultGLTFAssetsPipeline.uasset" 133
"../../../Engine/Plugins/Interchange/Runtime/Content/Pipelines/DefaultGLTFAssetsPipeline.uexp" 134
"../../../Engine/Plugins/Interchange/Runtime/Content/Pipelines/DefaultAssetsPipeline.uasset" 135
"../../../Engine/Plugins/Interchange/Runtime/Content/Pipelines/DefaultAssetsPipeline.uexp" 136
"../../../Engine/Plugins/Interchange/Runtime/Content/Functions/MX_UsdPreviewSurface.uasset" 137
"../../../Engine/Plugins/Interchange/Runtime/Content/Functions/MX_UsdPreviewSurface.uexp" 138
"../../../Engine/Plugins/Interchange/Runtime/Content/Functions/MX_UniformEDF.uasset" 139
"../../../Engine/Plugins/Interchange/Runtime/Content/Functions/MX_UniformEDF.uexp" 140
"../../../Engine/Plugins/Interchange/Runtime/Content/Functions/MX_TranslucentBSDF.uasset" 141
"../../../Engine/Plugins/Interchange/Runtime/Content/Functions/MX_TranslucentBSDF.uexp" 142
"../../../Engine/Plugins/Interchange/Runtime/Content/Functions/MX_ThinFilmBSDF.uasset" 143
"../../../Engine/Plugins/Interchange/Runtime/Content/Functions/MX_ThinFilmBSDF.uexp" 144
"../../../Engine/Plugins/Interchange/Runtime/Content/Functions/MX_SurfaceUnlit.uasset" 145
"../../../Engine/Plugins/Interchange/Runtime/Content/Functions/MX_SurfaceUnlit.uexp" 146
"../../../Engine/Plugins/Interchange/Runtime/Content/Functions/MX_Surface.uasset" 147
"../../../Engine/Plugins/Interchange/Runtime/Content/Functions/MX_Surface.uexp" 148
"../../../Engine/Plugins/Interchange/Runtime/Content/Functions/MX_SubsurfaceBSDF.uasset" 149
"../../../Engine/Plugins/Interchange/Runtime/Content/Functions/MX_SubsurfaceBSDF.uexp" 150
"../../../Engine/Plugins/Interchange/Runtime/Content/Functions/MX_SheenBSDF.uasset" 151
"../../../Engine/Plugins/Interchange/Runtime/Content/Functions/MX_SheenBSDF.uexp" 152
"../../../Engine/Plugins/Interchange/Runtime/Content/Functions/MX_OrenNayarBSDF.uasset" 153
"../../../Engine/Plugins/Interchange/Runtime/Content/Functions/MX_OrenNayarBSDF.uexp" 154
"../../../Engine/Content/Functions/Engine_MaterialFunctions02/Utility/CameraDirectionVector.uasset" 155
"../../../Engine/Content/Functions/Engine_MaterialFunctions02/Utility/CameraDirectionVector.uexp" 156
"../../../Engine/Content/Functions/Engine_MaterialFunctions01/Volumetrics/BeersLaw.uasset" 157
"../../../Engine/Content/Functions/Engine_MaterialFunctions01/Volumetrics/BeersLaw.uexp" 158
"../../../Engine/Content/EngineMaterials/Good64x64TilingNoiseHighFreq.uasset" 159
"../../../Engine/Content/EngineMaterials/Good64x64TilingNoiseHighFreq.uexp" 160
"../../../Engine/Content/Functions/Engine_MaterialFunctions02/Texturing/ScreenAlignedPixelToPixelUVs.uasset" 161
"../../../Engine/Content/Functions/Engine_MaterialFunctions02/Texturing/ScreenAlignedPixelToPixelUVs.uexp" 162
"../../../Engine/Plugins/Interchange/Runtime/Content/gltf/MaterialFunctions/MF_Temporal_Blur.uasset" 163
"../../../Engine/Plugins/Interchange/Runtime/Content/gltf/MaterialFunctions/MF_Temporal_Blur.uexp" 164
"../../../Engine/Plugins/Interchange/Runtime/Content/gltf/MaterialFunctions/MF_Fresnel_DS.uasset" 165
"../../../Engine/Plugins/Interchange/Runtime/Content/gltf/MaterialFunctions/MF_Fresnel_DS.uexp" 166
"../../../Engine/Content/Functions/Engine_MaterialFunctions02/Utility/BreakOutFloat3Components.uasset" 167
"../../../Engine/Content/Functions/Engine_MaterialFunctions02/Utility/BreakOutFloat3Components.uexp" 168
"../../../Engine/Plugins/Interchange/Runtime/Content/Functions/MX_Transmission.uasset" 169
"../../../Engine/Plugins/Interchange/Runtime/Content/Functions/MX_Transmission.uexp" 170
"../../../Engine/Plugins/Interchange/Runtime/Content/Functions/MF_OrenNayerView.uasset" 171
"../../../Engine/Plugins/Interchange/Runtime/Content/Functions/MF_OrenNayerView.uexp" 172
"../../../Engine/Plugins/Interchange/Runtime/Content/Functions/MF_SchlickApprox.uasset" 173
"../../../Engine/Plugins/Interchange/Runtime/Content/Functions/MF_SchlickApprox.uexp" 174
"../../../Engine/Plugins/Interchange/Runtime/Content/Utilities/New_LUT.uasset" 175
"../../../Engine/Plugins/Interchange/Runtime/Content/Utilities/New_LUT.uexp" 176
"../../../Engine/Content/Functions/Engine_MaterialFunctions03/Math/RemapValueRange.uasset" 177
"../../../Engine/Content/Functions/Engine_MaterialFunctions03/Math/RemapValueRange.uexp" 178
"../../../Engine/Plugins/Interchange/Runtime/Content/Functions/MF_Iridescence.uasset" 179
"../../../Engine/Plugins/Interchange/Runtime/Content/Functions/MF_Iridescence.uexp" 180
"../../../Engine/Plugins/Interchange/Runtime/Content/Functions/MX_StandardSurface.uasset" 181
"../../../Engine/Plugins/Interchange/Runtime/Content/Functions/MX_StandardSurface.uexp" 182
"../../../Engine/Plugins/Interchange/Runtime/Content/Functions/MX_TransmissionSurface.uasset" 183
"../../../Engine/Plugins/Interchange/Runtime/Content/Functions/MX_TransmissionSurface.uexp" 184
"../../../Engine/Plugins/Interchange/Runtime/Content/Functions/MX_OpenPBR_Translucent.uasset" 185
"../../../Engine/Plugins/Interchange/Runtime/Content/Functions/MX_OpenPBR_Translucent.uexp" 186
"../../../Engine/Plugins/Interchange/Runtime/Content/Functions/MX_OpenPBR_Opaque.uasset" 187
"../../../Engine/Plugins/Interchange/Runtime/Content/Functions/MX_OpenPBR_Opaque.uexp" 188
"../../../Engine/Plugins/Interchange/Runtime/Content/Functions/MX_MeasuredEDF.uasset" 189
"../../../Engine/Plugins/Interchange/Runtime/Content/Functions/MX_MeasuredEDF.uexp" 190
"../../../Engine/Plugins/Interchange/Runtime/Content/Functions/MX_GeneralizedSchlickBSDF.uasset" 191
"../../../Engine/Plugins/Interchange/Runtime/Content/Functions/MX_GeneralizedSchlickBSDF.uexp" 192
"../../../Engine/Plugins/Interchange/Runtime/Content/Functions/MX_DielectricBSDF.uasset" 193
"../../../Engine/Plugins/Interchange/Runtime/Content/Functions/MX_DielectricBSDF.uexp" 194
"../../../Engine/Plugins/Interchange/Runtime/Content/Functions/MX_ConicalEDF.uasset" 195
"../../../Engine/Plugins/Interchange/Runtime/Content/Functions/MX_ConicalEDF.uexp" 196
"../../../Engine/Plugins/Interchange/Runtime/Content/Functions/MX_ConductorBSDF.uasset" 197
"../../../Engine/Plugins/Interchange/Runtime/Content/Functions/MX_ConductorBSDF.uexp" 198
"../../../Engine/Plugins/Interchange/Runtime/Content/Functions/MX_BurleyDiffuseBSDF.uasset" 199
"../../../Engine/Plugins/Interchange/Runtime/Content/Functions/MX_BurleyDiffuseBSDF.uexp" 200
"../../../Engine/Plugins/Interchange/Runtime/Content/Functions/MX_AnisotropicVDF.uasset" 201
"../../../Engine/Plugins/Interchange/Runtime/Content/Functions/MX_AnisotropicVDF.uexp" 202
"../../../Engine/Plugins/Interchange/Runtime/Content/Functions/MX_AbsorptionVDF.uasset" 203
"../../../Engine/Plugins/Interchange/Runtime/Content/Functions/MX_AbsorptionVDF.uexp" 204
"../../../Engine/Plugins/Editor/SpeedTreeImporter/Content/SpeedTree9/game_wind_noise.ubulk" 205
"../../../Engine/Plugins/Editor/SpeedTreeImporter/Content/SpeedTree9/game_wind_noise.uasset" 206
"../../../Engine/Plugins/Editor/SpeedTreeImporter/Content/SpeedTree9/game_wind_noise.uexp" 207
"../../../Engine/Plugins/Editor/SpeedTreeImporter/Content/SpeedTree9/UnpackDirection.uasset" 208
"../../../Engine/Plugins/Editor/SpeedTreeImporter/Content/SpeedTree9/UnpackDirection.uexp" 209
"../../../Engine/Content/Functions/Engine_MaterialFunctions02/ObjectLocalBounds.uasset" 210
"../../../Engine/Content/Functions/Engine_MaterialFunctions02/ObjectLocalBounds.uexp" 211
"../../../Engine/Content/Functions/Engine_MaterialFunctions02/UVs/BoundingBoxBased_0-1_UVW.uasset" 212
"../../../Engine/Content/Functions/Engine_MaterialFunctions02/UVs/BoundingBoxBased_0-1_UVW.uexp" 213
"../../../Engine/Content/Functions/Engine_MaterialFunctions02/Utility/VectorLength.uasset" 214
"../../../Engine/Content/Functions/Engine_MaterialFunctions02/Utility/VectorLength.uexp" 215
"../../../Engine/Plugins/Editor/SpeedTreeImporter/Content/SpeedTree9/UnpackInteger3.uasset" 216
"../../../Engine/Plugins/Editor/SpeedTreeImporter/Content/SpeedTree9/UnpackInteger3.uexp" 217
"../../../Engine/Plugins/Editor/SpeedTreeImporter/Content/SpeedTree9/SpeedTreeCameraFacing.uasset" 218
"../../../Engine/Plugins/Editor/SpeedTreeImporter/Content/SpeedTree9/SpeedTreeCameraFacing.uexp" 219
"../../../Engine/Content/Functions/Engine_MaterialFunctions02/WorldPositionOffset/ObjectScale.uasset" 220
"../../../Engine/Content/Functions/Engine_MaterialFunctions02/WorldPositionOffset/ObjectScale.uexp" 221
"../../../Engine/Content/Functions/Engine_MaterialFunctions02/SafeNormalize.uasset" 222
"../../../Engine/Content/Functions/Engine_MaterialFunctions02/SafeNormalize.uexp" 223
"../../../Engine/Plugins/Editor/SpeedTreeImporter/Content/SpeedTree9/SpeedTreeWindMotion.uasset" 224
"../../../Engine/Plugins/Editor/SpeedTreeImporter/Content/SpeedTree9/SpeedTreeWindMotion.uexp" 225
"../../../Engine/Plugins/Editor/SpeedTreeImporter/Content/SpeedTree9/SpeedTreeBranchMotion.uasset" 226
"../../../Engine/Plugins/Editor/SpeedTreeImporter/Content/SpeedTree9/SpeedTreeBranchMotion.uexp" 227
"../../../Engine/Plugins/Editor/SpeedTreeImporter/Content/SpeedTree9/SpeedTreeWind.uasset" 228
"../../../Engine/Plugins/Editor/SpeedTreeImporter/Content/SpeedTree9/SpeedTreeWind.uexp" 229
"../../../Engine/Plugins/Editor/SpeedTreeImporter/Content/SpeedTree9/EmptyNormal.uasset" 230
"../../../Engine/Plugins/Editor/SpeedTreeImporter/Content/SpeedTree9/EmptyNormal.uexp" 231
"../../../Engine/Plugins/Editor/SpeedTreeImporter/Content/SpeedTree9/Empty.uasset" 232
"../../../Engine/Plugins/Editor/SpeedTreeImporter/Content/SpeedTree9/Empty.uexp" 233
"../../../Engine/Plugins/Editor/SpeedTreeImporter/Content/SpeedTree9/SpeedTreeMaster.uasset" 234
"../../../Engine/Plugins/Editor/SpeedTreeImporter/Content/SpeedTree9/SpeedTreeMaster.uexp" 235
"../../../Engine/Plugins/Editor/SpeedTreeImporter/Content/SpeedTree9/SpeedTreeBillboard.uasset" 236
"../../../Engine/Plugins/Editor/SpeedTreeImporter/Content/SpeedTree9/SpeedTreeBillboard.uexp" 237
"../../../Engine/Plugins/Editor/SpeedTreeImporter/Content/SpeedTree9/SpeedTreeBillboardMaster.uasset" 238
"../../../Engine/Plugins/Editor/SpeedTreeImporter/Content/SpeedTree9/SpeedTreeBillboardMaster.uexp" 239
"../../../Engine/Content/Functions/Engine_MaterialFunctions02/WorldPositionOffset/CameraOffset.uasset" 240
"../../../Engine/Content/Functions/Engine_MaterialFunctions02/WorldPositionOffset/CameraOffset.uexp" 241
"../../../Engine/Plugins/Animation/ControlRig/Content/M_Manip.uasset" 242
"../../../Engine/Plugins/Animation/ControlRig/Content/M_Manip.uexp" 243
"../../../Engine/Plugins/Animation/ControlRig/Content/Controls/DefaultGizmoLibraryNormalized.uasset" 244
"../../../Engine/Plugins/Animation/ControlRig/Content/Controls/DefaultGizmoLibraryNormalized.uexp" 245
"../../../Engine/Plugins/Animation/ControlRig/Content/Controls/ControlRig_Wedge_solid.ubulk" 246
"../../../Engine/Plugins/Animation/ControlRig/Content/Controls/ControlRig_Wedge_solid.uasset" 247
"../../../Engine/Plugins/Animation/ControlRig/Content/Controls/ControlRig_Wedge_solid.uexp" 248
"../../../Engine/Plugins/Animation/ControlRig/Content/Controls/ControlRig_Wedge_3mm.ubulk" 249
"../../../Engine/Plugins/Animation/ControlRig/Content/Controls/ControlRig_Wedge_3mm.uasset" 250
"../../../Engine/Plugins/Animation/ControlRig/Content/Controls/ControlRig_Wedge_3mm.uexp" 251
"../../../Engine/Plugins/Animation/ControlRig/Content/Controls/ControlRig_Wedge_1mm.ubulk" 252
"../../../Engine/Plugins/Animation/ControlRig/Content/Controls/ControlRig_Wedge_1mm.uasset" 253
"../../../Engine/Plugins/Animation/ControlRig/Content/Controls/ControlRig_Wedge_1mm.uexp" 254
"../../../Engine/Plugins/Animation/ControlRig/Content/Controls/ControlRig_Triangle_solid.ubulk" 255
"../../../Engine/Plugins/Animation/ControlRig/Content/Controls/ControlRig_Triangle_solid.uasset" 256
"../../../Engine/Plugins/Animation/ControlRig/Content/Controls/ControlRig_Triangle_solid.uexp" 257
"../../../Engine/Plugins/Animation/ControlRig/Content/Controls/ControlRig_Triangle_3mm.ubulk" 258
"../../../Engine/Plugins/Animation/ControlRig/Content/Controls/ControlRig_Triangle_3mm.uasset" 259
"../../../Engine/Plugins/Animation/ControlRig/Content/Controls/ControlRig_Triangle_3mm.uexp" 260
"../../../Engine/Plugins/Animation/ControlRig/Content/Controls/ControlRig_Triangle_1mm.ubulk" 261
"../../../Engine/Plugins/Animation/ControlRig/Content/Controls/ControlRig_Triangle_1mm.uasset" 262
"../../../Engine/Plugins/Animation/ControlRig/Content/Controls/ControlRig_Triangle_1mm.uexp" 263
"../../../Engine/Plugins/Animation/ControlRig/Content/Controls/ControlRig_Star4_solid.ubulk" 264
"../../../Engine/Plugins/Animation/ControlRig/Content/Controls/ControlRig_Star4_solid.uasset" 265
"../../../Engine/Plugins/Animation/ControlRig/Content/Controls/ControlRig_Star4_solid.uexp" 266
"../../../Engine/Plugins/Animation/ControlRig/Content/Controls/ControlRig_Star4_3mm.ubulk" 267
"../../../Engine/Plugins/Animation/ControlRig/Content/Controls/ControlRig_Star4_3mm.uasset" 268
"../../../Engine/Plugins/Animation/ControlRig/Content/Controls/ControlRig_Star4_3mm.uexp" 269
"../../../Engine/Plugins/Animation/ControlRig/Content/Controls/ControlRig_Star4_1mm.ubulk" 270
"../../../Engine/Plugins/Animation/ControlRig/Content/Controls/ControlRig_Star4_1mm.uasset" 271
"../../../Engine/Plugins/Animation/ControlRig/Content/Controls/ControlRig_Star4_1mm.uexp" 272
"../../../Engine/Plugins/Animation/ControlRig/Content/Controls/ControlRig_Square_solid.ubulk" 273
"../../../Engine/Plugins/Animation/ControlRig/Content/Controls/ControlRig_Square_solid.uasset" 274
"../../../Engine/Plugins/Animation/ControlRig/Content/Controls/ControlRig_Square_solid.uexp" 275
"../../../Engine/Plugins/Animation/ControlRig/Content/Controls/ControlRig_Square_3mm.ubulk" 276
"../../../Engine/Plugins/Animation/ControlRig/Content/Controls/ControlRig_Square_3mm.uasset" 277
"../../../Engine/Plugins/Animation/ControlRig/Content/Controls/ControlRig_Square_3mm.uexp" 278
"../../../Engine/Plugins/Animation/ControlRig/Content/Controls/ControlRig_Square_1mm.ubulk" 279
"../../../Engine/Plugins/Animation/ControlRig/Content/Controls/ControlRig_Square_1mm.uasset" 280
"../../../Engine/Plugins/Animation/ControlRig/Content/Controls/ControlRig_Square_1mm.uexp" 281
"../../../Engine/Plugins/Animation/ControlRig/Content/Controls/ControlRig_Sphere_solid.ubulk" 282
"../../../Engine/Plugins/Animation/ControlRig/Content/Controls/ControlRig_Sphere_solid.uasset" 283
"../../../Engine/Plugins/Animation/ControlRig/Content/Controls/ControlRig_Sphere_solid.uexp" 284
"../../../Engine/Plugins/Animation/ControlRig/Content/Controls/ControlRig_Sphere_3mm.ubulk" 285
"../../../Engine/Plugins/Animation/ControlRig/Content/Controls/ControlRig_Sphere_3mm.uasset" 286
"../../../Engine/Plugins/Animation/ControlRig/Content/Controls/ControlRig_Sphere_3mm.uexp" 287
"../../../Engine/Plugins/Animation/ControlRig/Content/Controls/ControlRig_Sphere_1mm.ubulk" 288
"../../../Engine/Plugins/Animation/ControlRig/Content/Controls/ControlRig_Sphere_1mm.uasset" 289
"../../../Engine/Plugins/Animation/ControlRig/Content/Controls/ControlRig_Sphere_1mm.uexp" 290
"../../../Engine/Plugins/Animation/ControlRig/Content/Controls/ControlRig_RoundedTriangle_solid.ubulk" 291
"../../../Engine/Plugins/Animation/ControlRig/Content/Controls/ControlRig_RoundedTriangle_solid.uasset" 292
"../../../Engine/Plugins/Animation/ControlRig/Content/Controls/ControlRig_RoundedTriangle_solid.uexp" 293
"../../../Engine/Plugins/Animation/ControlRig/Content/Controls/ControlRig_RoundedTriangle_3mm.ubulk" 294
"../../../Engine/Plugins/Animation/ControlRig/Content/Controls/ControlRig_RoundedTriangle_3mm.uasset" 295
"../../../Engine/Plugins/Animation/ControlRig/Content/Controls/ControlRig_RoundedTriangle_3mm.uexp" 296
"../../../Engine/Plugins/Animation/ControlRig/Content/Controls/ControlRig_RoundedTriangle_1mm.ubulk" 297
"../../../Engine/Plugins/Animation/ControlRig/Content/Controls/ControlRig_RoundedTriangle_1mm.uasset" 298
"../../../Engine/Plugins/Animation/ControlRig/Content/Controls/ControlRig_RoundedTriangle_1mm.uexp" 299
"../../../Engine/Plugins/Animation/ControlRig/Content/Controls/ControlRig_RoundedSquare_solid.ubulk" 300
"../../../Engine/Plugins/Animation/ControlRig/Content/Controls/ControlRig_RoundedSquare_solid.uasset" 301
"../../../Engine/Plugins/Animation/ControlRig/Content/Controls/ControlRig_RoundedSquare_solid.uexp" 302
"../../../Engine/Plugins/Animation/ControlRig/Content/Controls/ControlRig_RoundedSquare_3mm.ubulk" 303
"../../../Engine/Plugins/Animation/ControlRig/Content/Controls/ControlRig_RoundedSquare_3mm.uasset" 304
"../../../Engine/Plugins/Animation/ControlRig/Content/Controls/ControlRig_RoundedSquare_3mm.uexp" 305
"../../../Engine/Plugins/Animation/ControlRig/Content/Controls/ControlRig_RoundedSquare_1mm.ubulk" 306
"../../../Engine/Plugins/Animation/ControlRig/Content/Controls/ControlRig_RoundedSquare_1mm.uasset" 307
"../../../Engine/Plugins/Animation/ControlRig/Content/Controls/ControlRig_RoundedSquare_1mm.uexp" 308
"../../../Engine/Plugins/Animation/ControlRig/Content/Controls/ControlRig_QuarterCircle_solid.ubulk" 309
"../../../Engine/Plugins/Animation/ControlRig/Content/Controls/ControlRig_QuarterCircle_solid.uasset" 310
"../../../Engine/Plugins/Animation/ControlRig/Content/Controls/ControlRig_QuarterCircle_solid.uexp" 311
"../../../Engine/Plugins/Animation/ControlRig/Content/Controls/ControlRig_QuarterCircle_3mm.ubulk" 312
"../../../Engine/Plugins/Animation/ControlRig/Content/Controls/ControlRig_QuarterCircle_3mm.uasset" 313
"../../../Engine/Plugins/Animation/ControlRig/Content/Controls/ControlRig_QuarterCircle_3mm.uexp" 314
"../../../Engine/Plugins/Animation/ControlRig/Content/Controls/ControlRig_QuarterCircle_1mm.ubulk" 315
"../../../Engine/Plugins/Animation/ControlRig/Content/Controls/ControlRig_QuarterCircle_1mm.uasset" 316
"../../../Engine/Plugins/Animation/ControlRig/Content/Controls/ControlRig_QuarterCircle_1mm.uexp" 317
"../../../Engine/Plugins/Animation/ControlRig/Content/Controls/ControlRig_Pyramid_solid.ubulk" 318
"../../../Engine/Plugins/Animation/ControlRig/Content/Controls/ControlRig_Pyramid_solid.uasset" 319
"../../../Engine/Plugins/Animation/ControlRig/Content/Controls/ControlRig_Pyramid_solid.uexp" 320
"../../../Engine/Plugins/Animation/ControlRig/Content/Controls/ControlRig_Pyramid_3mm.ubulk" 321
"../../../Engine/Plugins/Animation/ControlRig/Content/Controls/ControlRig_Pyramid_3mm.uasset" 322
"../../../Engine/Plugins/Animation/ControlRig/Content/Controls/ControlRig_Pyramid_3mm.uexp" 323
"../../../Engine/Plugins/Animation/ControlRig/Content/Controls/ControlRig_Pyramid_1mm.ubulk" 324
"../../../Engine/Plugins/Animation/ControlRig/Content/Controls/ControlRig_Pyramid_1mm.uasset" 325
"../../../Engine/Plugins/Animation/ControlRig/Content/Controls/ControlRig_Pyramid_1mm.uexp" 326
"../../../Engine/Plugins/Animation/ControlRig/Content/Controls/ControlRig_Octagon_solid.ubulk" 327
"../../../Engine/Plugins/Animation/ControlRig/Content/Controls/ControlRig_Octagon_solid.uasset" 328
"../../../Engine/Plugins/Animation/ControlRig/Content/Controls/ControlRig_Octagon_solid.uexp" 329
"../../../Engine/Plugins/Animation/ControlRig/Content/Controls/ControlRig_Octagon_3mm.ubulk" 330
"../../../Engine/Plugins/Animation/ControlRig/Content/Controls/ControlRig_Octagon_3mm.uasset" 331
"../../../Engine/Plugins/Animation/ControlRig/Content/Controls/ControlRig_Octagon_3mm.uexp" 332
"../../../Engine/Plugins/Animation/ControlRig/Content/Controls/ControlRig_Octagon_1mm.ubulk" 333
"../../../Engine/Plugins/Animation/ControlRig/Content/Controls/ControlRig_Octagon_1mm.uasset" 334
"../../../Engine/Plugins/Animation/ControlRig/Content/Controls/ControlRig_Octagon_1mm.uexp" 335
"../../../Engine/Plugins/Animation/ControlRig/Content/Controls/ControlRig_Hexagon_solid.ubulk" 336
"../../../Engine/Plugins/Animation/ControlRig/Content/Controls/ControlRig_Hexagon_solid.uasset" 337
"../../../Engine/Plugins/Animation/ControlRig/Content/Controls/ControlRig_Hexagon_solid.uexp" 338
"../../../Engine/Plugins/Animation/ControlRig/Content/Controls/ControlRig_Hexagon_3mm.ubulk" 339
"../../../Engine/Plugins/Animation/ControlRig/Content/Controls/ControlRig_Hexagon_3mm.uasset" 340
"../../../Engine/Plugins/Animation/ControlRig/Content/Controls/ControlRig_Hexagon_3mm.uexp" 341
"../../../Engine/Plugins/Animation/ControlRig/Content/Controls/ControlRig_Hexagon_1mm.ubulk" 342
"../../../Engine/Plugins/Animation/ControlRig/Content/Controls/ControlRig_Hexagon_1mm.uasset" 343
"../../../Engine/Plugins/Animation/ControlRig/Content/Controls/ControlRig_Hexagon_1mm.uexp" 344
"../../../Engine/Plugins/Animation/ControlRig/Content/Controls/ControlRig_HalfCircle_solid.ubulk" 345
"../../../Engine/Plugins/Animation/ControlRig/Content/Controls/ControlRig_HalfCircle_solid.uasset" 346
"../../../Engine/Plugins/Animation/ControlRig/Content/Controls/ControlRig_HalfCircle_solid.uexp" 347
"../../../Engine/Plugins/Animation/ControlRig/Content/Controls/ControlRig_HalfCircle_3mm.ubulk" 348
"../../../Engine/Plugins/Animation/ControlRig/Content/Controls/ControlRig_HalfCircle_3mm.uasset" 349
"../../../Engine/Plugins/Animation/ControlRig/Content/Controls/ControlRig_HalfCircle_3mm.uexp" 350
"../../../Engine/Plugins/Animation/ControlRig/Content/Controls/ControlRig_HalfCircle_1mm.ubulk" 351
"../../../Engine/Plugins/Animation/ControlRig/Content/Controls/ControlRig_HalfCircle_1mm.uasset" 352
"../../../Engine/Plugins/Animation/ControlRig/Content/Controls/ControlRig_HalfCircle_1mm.uexp" 353
"../../../Engine/Plugins/Animation/ControlRig/Content/Controls/ControlRig_Diamond_solid.ubulk" 354
"../../../Engine/Plugins/Animation/ControlRig/Content/Controls/ControlRig_Diamond_solid.uasset" 355
"../../../Engine/Plugins/Animation/ControlRig/Content/Controls/ControlRig_Diamond_solid.uexp" 356
"../../../Engine/Plugins/Animation/ControlRig/Content/Controls/ControlRig_Diamond_3mm.ubulk" 357
"../../../Engine/Plugins/Animation/ControlRig/Content/Controls/ControlRig_Diamond_3mm.uasset" 358
"../../../Engine/Plugins/Animation/ControlRig/Content/Controls/ControlRig_Diamond_3mm.uexp" 359
"../../../Engine/Plugins/Animation/ControlRig/Content/Controls/ControlRig_Diamond_1mm.ubulk" 360
"../../../Engine/Plugins/Animation/ControlRig/Content/Controls/ControlRig_Diamond_1mm.uasset" 361
"../../../Engine/Plugins/Animation/ControlRig/Content/Controls/ControlRig_Diamond_1mm.uexp" 362
"../../../Engine/Plugins/Animation/ControlRig/Content/Controls/ControlRig_Circle_solid.ubulk" 363
"../../../Engine/Plugins/Animation/ControlRig/Content/Controls/ControlRig_Circle_solid.uasset" 364
"../../../Engine/Plugins/Animation/ControlRig/Content/Controls/ControlRig_Circle_solid.uexp" 365
"../../../Engine/Plugins/Animation/ControlRig/Content/Controls/ControlRig_Circle_3mm.ubulk" 366
"../../../Engine/Plugins/Animation/ControlRig/Content/Controls/ControlRig_Circle_3mm.uasset" 367
"../../../Engine/Plugins/Animation/ControlRig/Content/Controls/ControlRig_Circle_3mm.uexp" 368
"../../../Engine/Plugins/Animation/ControlRig/Content/Controls/ControlRig_Circle_1mm.ubulk" 369
"../../../Engine/Plugins/Animation/ControlRig/Content/Controls/ControlRig_Circle_1mm.uasset" 370
"../../../Engine/Plugins/Animation/ControlRig/Content/Controls/ControlRig_Circle_1mm.uexp" 371
"../../../Engine/Plugins/Animation/ControlRig/Content/Controls/ControlRig_Box_solid.ubulk" 372
"../../../Engine/Plugins/Animation/ControlRig/Content/Controls/ControlRig_Box_solid.uasset" 373
"../../../Engine/Plugins/Animation/ControlRig/Content/Controls/ControlRig_Box_solid.uexp" 374
"../../../Engine/Plugins/Animation/ControlRig/Content/Controls/ControlRig_Box_3mm.ubulk" 375
"../../../Engine/Plugins/Animation/ControlRig/Content/Controls/ControlRig_Box_3mm.uasset" 376
"../../../Engine/Plugins/Animation/ControlRig/Content/Controls/ControlRig_Box_3mm.uexp" 377
"../../../Engine/Plugins/Animation/ControlRig/Content/Controls/ControlRig_Box_1mm.ubulk" 378
"../../../Engine/Plugins/Animation/ControlRig/Content/Controls/ControlRig_Box_1mm.uasset" 379
"../../../Engine/Plugins/Animation/ControlRig/Content/Controls/ControlRig_Box_1mm.uexp" 380
"../../../Engine/Plugins/Animation/ControlRig/Content/Controls/ControlRig_Arrow_solid.ubulk" 381
"../../../Engine/Plugins/Animation/ControlRig/Content/Controls/ControlRig_Arrow_solid.uasset" 382
"../../../Engine/Plugins/Animation/ControlRig/Content/Controls/ControlRig_Arrow_solid.uexp" 383
"../../../Engine/Plugins/Animation/ControlRig/Content/Controls/ControlRig_Arrow_3mm.ubulk" 384
"../../../Engine/Plugins/Animation/ControlRig/Content/Controls/ControlRig_Arrow_3mm.uasset" 385
"../../../Engine/Plugins/Animation/ControlRig/Content/Controls/ControlRig_Arrow_3mm.uexp" 386
"../../../Engine/Plugins/Animation/ControlRig/Content/Controls/ControlRig_Arrow_1mm.ubulk" 387
"../../../Engine/Plugins/Animation/ControlRig/Content/Controls/ControlRig_Arrow_1mm.uasset" 388
"../../../Engine/Plugins/Animation/ControlRig/Content/Controls/ControlRig_Arrow_1mm.uexp" 389
"../../../Engine/Plugins/Animation/ControlRig/Content/Controls/ControlRig_Arrow4_solid.ubulk" 390
"../../../Engine/Plugins/Animation/ControlRig/Content/Controls/ControlRig_Arrow4_solid.uasset" 391
"../../../Engine/Plugins/Animation/ControlRig/Content/Controls/ControlRig_Arrow4_solid.uexp" 392
"../../../Engine/Plugins/Animation/ControlRig/Content/Controls/ControlRig_Arrow4_3mm.ubulk" 393
"../../../Engine/Plugins/Animation/ControlRig/Content/Controls/ControlRig_Arrow4_3mm.uasset" 394
"../../../Engine/Plugins/Animation/ControlRig/Content/Controls/ControlRig_Arrow4_3mm.uexp" 395
"../../../Engine/Plugins/Animation/ControlRig/Content/Controls/ControlRig_Arrow4_1mm.ubulk" 396
"../../../Engine/Plugins/Animation/ControlRig/Content/Controls/ControlRig_Arrow4_1mm.uasset" 397
"../../../Engine/Plugins/Animation/ControlRig/Content/Controls/ControlRig_Arrow4_1mm.uexp" 398
"../../../Engine/Plugins/Animation/ControlRig/Content/Controls/ControlRig_Arrow2_solid.ubulk" 399
"../../../Engine/Plugins/Animation/ControlRig/Content/Controls/ControlRig_Arrow2_solid.uasset" 400
"../../../Engine/Plugins/Animation/ControlRig/Content/Controls/ControlRig_Arrow2_solid.uexp" 401
"../../../Engine/Plugins/Animation/ControlRig/Content/Controls/ControlRig_Arrow2_3mm.ubulk" 402
"../../../Engine/Plugins/Animation/ControlRig/Content/Controls/ControlRig_Arrow2_3mm.uasset" 403
"../../../Engine/Plugins/Animation/ControlRig/Content/Controls/ControlRig_Arrow2_3mm.uexp" 404
"../../../Engine/Plugins/Animation/ControlRig/Content/Controls/ControlRig_Arrow2_1mm.ubulk" 405
"../../../Engine/Plugins/Animation/ControlRig/Content/Controls/ControlRig_Arrow2_1mm.uasset" 406
"../../../Engine/Plugins/Animation/ControlRig/Content/Controls/ControlRig_Arrow2_1mm.uexp" 407
"../../../Engine/Plugins/Animation/ControlRig/Content/Controls/ControlRigXRayMaterial.uasset" 408
"../../../Engine/Plugins/Animation/ControlRig/Content/Controls/ControlRigXRayMaterial.uexp" 409
"../../../Engine/Plugins/Animation/ControlRig/Content/Controls/ControlRigGizmoMaterial.uasset" 410
"../../../Engine/Plugins/Animation/ControlRig/Content/Controls/ControlRigGizmoMaterial.uexp" 411
"../../../Engine/Plugins/2D/Paper2D/Content/PlaceholderTextures/DummySpriteTexture.ubulk" 412
"../../../Engine/Plugins/2D/Paper2D/Content/PlaceholderTextures/DummySpriteTexture.uasset" 413
"../../../Engine/Plugins/2D/Paper2D/Content/PlaceholderTextures/DummySpriteTexture.uexp" 414
"../../../Engine/Plugins/2D/Paper2D/Content/DefaultSpriteMaterial.uasset" 415
"../../../Engine/Plugins/2D/Paper2D/Content/DefaultSpriteMaterial.uexp" 416
"../../../Engine/Plugins/2D/Paper2D/Content/OpaqueUnlitSpriteMaterial.uasset" 417
"../../../Engine/Plugins/2D/Paper2D/Content/OpaqueUnlitSpriteMaterial.uexp" 418
"../../../Engine/Plugins/2D/Paper2D/Content/MaskedUnlitSpriteMaterial.uasset" 419
"../../../Engine/Plugins/2D/Paper2D/Content/MaskedUnlitSpriteMaterial.uexp" 420
"../../../Engine/Plugins/2D/Paper2D/Content/DummySprite.uasset" 421
"../../../Engine/Plugins/2D/Paper2D/Content/DummySprite.uexp" 422
"../../../Engine/Plugins/2D/Paper2D/Content/DefaultPaperTerrainMaterial.uasset" 423
"../../../Engine/Plugins/2D/Paper2D/Content/DefaultPaperTerrainMaterial.uexp" 424
"../../../Engine/Content/VREditor/TransformGizmo/StartRotationHandleIndicator.ubulk" 425
"../../../Engine/Content/VREditor/TransformGizmo/StartRotationHandleIndicator.uasset" 426
"../../../Engine/Content/VREditor/TransformGizmo/StartRotationHandleIndicator.uexp" 427
"../../../Engine/Content/VREditor/Sounds/UI/Drop_Item_From_ContentBrowser.ubulk" 428
"../../../Engine/Content/VREditor/Sounds/UI/Drop_Item_From_ContentBrowser.uasset" 429
"../../../Engine/Content/VREditor/Sounds/UI/Drop_Item_From_ContentBrowser.uexp" 430
"../../../Engine/Content/VREditor/TransformGizmo/PlaneTranslationHandle.ubulk" 431
"../../../Engine/Content/VREditor/TransformGizmo/PlaneTranslationHandle.uasset" 432
"../../../Engine/Content/VREditor/TransformGizmo/PlaneTranslationHandle.uexp" 433
"../../../Engine/Content/VREditor/Sounds/UI/Object_Snaps_To_Grid.ubulk" 434
"../../../Engine/Content/VREditor/Sounds/UI/Object_Snaps_To_Grid.uasset" 435
"../../../Engine/Content/VREditor/Sounds/UI/Object_Snaps_To_Grid.uexp" 436
"../../../Engine/Content/VREditor/Sounds/UI/Selection_Changes.ubulk" 437
"../../../Engine/Content/VREditor/Sounds/UI/Selection_Changes.uasset" 438
"../../../Engine/Content/VREditor/Sounds/UI/Selection_Changes.uexp" 439
"../../../Engine/Content/VREditor/Sounds/UI/Object_Snaps_To_Another_Actor.ubulk" 440
"../../../Engine/Content/VREditor/Sounds/UI/Object_Snaps_To_Another_Actor.uasset" 441
"../../../Engine/Content/VREditor/Sounds/UI/Object_Snaps_To_Another_Actor.uexp" 442
"../../../Engine/Content/VREditor/TransformGizmo/TranslucentTransformGizmoMaterial_Inst.uasset" 443
"../../../Engine/Content/VREditor/TransformGizmo/TranslucentTransformGizmoMaterial_Inst.uexp" 444
"../../../Engine/Content/VREditor/TransformGizmo/TransformGizmoFreeRotation.ubulk" 445
"../../../Engine/Content/VREditor/TransformGizmo/TransformGizmoFreeRotation.uasset" 446
"../../../Engine/Content/VREditor/TransformGizmo/TransformGizmoFreeRotation.uexp" 447
"../../../Engine/Content/VREditor/Sounds/UI/Scaling_Down.ubulk" 448
"../../../Engine/Content/VREditor/Sounds/UI/Scaling_Down.uasset" 449
"../../../Engine/Content/VREditor/Sounds/UI/Scaling_Down.uexp" 450
"../../../Engine/Content/Functions/Engine_MaterialFunctions02/Math/Transform3x3Matrix.uasset" 451
"../../../Engine/Content/Functions/Engine_MaterialFunctions02/Math/Transform3x3Matrix.uexp" 452
"../../../Engine/Content/Functions/Engine_MaterialFunctions02/SplitComponents.uasset" 453
"../../../Engine/Content/Functions/Engine_MaterialFunctions02/SplitComponents.uexp" 454
"../../../Engine/Content/Functions/Engine_MaterialFunctions02/Utility/MakeFloat3.uasset" 455
"../../../Engine/Content/Functions/Engine_MaterialFunctions02/Utility/MakeFloat3.uexp" 456
"../../../Engine/Content/VREditor/SnapGrid/SnapGridMaterial.uasset" 457
"../../../Engine/Content/VREditor/SnapGrid/SnapGridMaterial.uexp" 458
"../../../Engine/Content/VREditor/SnapGrid/SnapGridPlaneMesh.ubulk" 459
"../../../Engine/Content/VREditor/SnapGrid/SnapGridPlaneMesh.uasset" 460
"../../../Engine/Content/VREditor/SnapGrid/SnapGridPlaneMesh.uexp" 461
"../../../Engine/Content/VREditor/Sounds/UI/Scaling_Up.ubulk" 462
"../../../Engine/Content/VREditor/Sounds/UI/Scaling_Up.uasset" 463
"../../../Engine/Content/VREditor/Sounds/UI/Scaling_Up.uexp" 464
"../../../Engine/Content/VREditor/TransformGizmo/TransformGizmoMaterial_Inst.uasset" 465
"../../../Engine/Content/VREditor/TransformGizmo/TransformGizmoMaterial_Inst.uexp" 466
"../../../Engine/Content/VREditor/Sounds/UI/Gizmo_Handle_Clicked.ubulk" 467
"../../../Engine/Content/VREditor/Sounds/UI/Gizmo_Handle_Clicked.uasset" 468
"../../../Engine/Content/VREditor/Sounds/UI/Gizmo_Handle_Clicked.uexp" 469
"../../../Engine/Content/VREditor/TransformGizmo/RotationHandleQuarter.ubulk" 470
"../../../Engine/Content/VREditor/TransformGizmo/RotationHandleQuarter.uasset" 471
"../../../Engine/Content/VREditor/TransformGizmo/RotationHandleQuarter.uexp" 472
"../../../Engine/Content/VREditor/TransformGizmo/TranslateArrowHandle.ubulk" 473
"../../../Engine/Content/VREditor/TransformGizmo/TranslateArrowHandle.uasset" 474
"../../../Engine/Content/VREditor/TransformGizmo/TranslateArrowHandle.uexp" 475
"../../../Engine/Content/VREditor/TransformGizmo/RotationHandleIndicator.ubulk" 476
"../../../Engine/Content/VREditor/TransformGizmo/RotationHandleIndicator.uasset" 477
"../../../Engine/Content/VREditor/TransformGizmo/RotationHandleIndicator.uexp" 478
"../../../Engine/Content/VREditor/TransformGizmo/UniformScaleHandle.ubulk" 479
"../../../Engine/Content/VREditor/TransformGizmo/UniformScaleHandle.uasset" 480
"../../../Engine/Content/VREditor/TransformGizmo/UniformScaleHandle.uexp" 481
"../../../Engine/Content/VREditor/TransformGizmo/RotationHandleFull.ubulk" 482
"../../../Engine/Content/VREditor/TransformGizmo/RotationHandleFull.uasset" 483
"../../../Engine/Content/VREditor/TransformGizmo/RotationHandleFull.uexp" 484
"../../../Engine/Content/VREditor/Sounds/UI/Object_PickUp.ubulk" 485
"../../../Engine/Content/VREditor/Sounds/UI/Object_PickUp.uasset" 486
"../../../Engine/Content/VREditor/Sounds/UI/Object_PickUp.uexp" 487
"../../../Engine/Content/EngineSounds/Master.uasset" 488
"../../../Engine/Content/EngineSounds/Master.uexp" 489
"../../../Engine/Content/EngineResources/WhiteSquareTexture.uasset" 490
"../../../Engine/Content/EngineResources/WhiteSquareTexture.uexp" 491
"../../../Engine/Content/EngineMaterials/Widget3DPassThrough.uasset" 492
"../../../Engine/Content/EngineMaterials/Widget3DPassThrough.uexp" 493
"../../../Engine/Content/EngineMaterials/Widget3DPassThrough_Translucent.uasset" 494
"../../../Engine/Content/EngineMaterials/Widget3DPassThrough_Translucent.uexp" 495
"../../../Engine/Content/EngineMaterials/Widget3DPassThrough_Translucent_OneSided.uasset" 496
"../../../Engine/Content/EngineMaterials/Widget3DPassThrough_Translucent_OneSided.uexp" 497
"../../../Engine/Content/EngineMaterials/Widget3DPassThrough_Opaque.uasset" 498
"../../../Engine/Content/EngineMaterials/Widget3DPassThrough_Opaque.uexp" 499
"../../../Engine/Content/EngineMaterials/Widget3DPassThrough_Opaque_OneSided.uasset" 500
"../../../Engine/Content/EngineMaterials/Widget3DPassThrough_Opaque_OneSided.uexp" 501
"../../../Engine/Content/EngineMaterials/Widget3DPassThrough_Masked_OneSided.uasset" 502
"../../../Engine/Content/EngineMaterials/Widget3DPassThrough_Masked_OneSided.uexp" 503
"../../../Engine/Content/EngineMaterials/Widget3DPassThrough_Masked.uasset" 504
"../../../Engine/Content/EngineMaterials/Widget3DPassThrough_Masked.uexp" 505
"../../../Engine/Content/EngineMaterials/STBlueNoise_vec2_128x128x64.uasset" 506
"../../../Engine/Content/EngineMaterials/STBlueNoise_vec2_128x128x64.uexp" 507
"../../../Engine/Content/EngineMaterials/STBlueNoise_scalar_128x128x64.uasset" 508
"../../../Engine/Content/EngineMaterials/STBlueNoise_scalar_128x128x64.uexp" 509
"../../../Engine/Content/EngineMaterials/RemoveSurfaceMaterial.uasset" 510
"../../../Engine/Content/EngineMaterials/RemoveSurfaceMaterial.uexp" 511
"../../../Engine/Content/EngineMaterials/DefaultCalibrationGrayscale.uasset" 512
"../../../Engine/Content/EngineMaterials/DefaultCalibrationGrayscale.uexp" 513
"../../../Engine/Content/EngineMaterials/PPM_DefaultCalibrationGrayscale.uasset" 514
"../../../Engine/Content/EngineMaterials/PPM_DefaultCalibrationGrayscale.uexp" 515
"../../../Engine/Content/EngineMaterials/DefaultCalibrationColor.uasset" 516
"../../../Engine/Content/EngineMaterials/DefaultCalibrationColor.uexp" 517
"../../../Engine/Content/EngineMaterials/PPM_DefaultCalibrationColor.uasset" 518
"../../../Engine/Content/EngineMaterials/PPM_DefaultCalibrationColor.uexp" 519
"../../../Engine/Content/EngineMaterials/PhAT_JointLimitMaterial.uasset" 520
"../../../Engine/Content/EngineMaterials/PhAT_JointLimitMaterial.uexp" 521
"../../../Engine/Content/EngineMaterials/NaniteHiddenSectionMaterial.uasset" 522
"../../../Engine/Content/EngineMaterials/NaniteHiddenSectionMaterial.uexp" 523
"../../../Engine/Content/EngineMaterials/InvalidLightmapSettings.ubulk" 524
"../../../Engine/Content/EngineMaterials/InvalidLightmapSettings.uasset" 525
"../../../Engine/Content/EngineMaterials/InvalidLightmapSettings.uexp" 526
"../../../Engine/Content/EngineMaterials/M_InvalidLightmapSettings.uasset" 527
"../../../Engine/Content/EngineMaterials/M_InvalidLightmapSettings.uexp" 528
"../../../Engine/Content/EngineMaterials/GizmoMaterial.uasset" 529
"../../../Engine/Content/EngineMaterials/GizmoMaterial.uexp" 530
"../../../Engine/Content/EngineMaterials/BaseFlattenEmissiveMap_VT.uasset" 531
"../../../Engine/Content/EngineMaterials/BaseFlattenEmissiveMap_VT.uexp" 532
"../../../Engine/Content/EngineMaterials/BaseFlattenGrayscaleMap_VT.uasset" 533
"../../../Engine/Content/EngineMaterials/BaseFlattenGrayscaleMap_VT.uexp" 534
"../../../Engine/Content/EngineMaterials/BaseFlattenLinearColor_VT.uasset" 535
"../../../Engine/Content/EngineMaterials/BaseFlattenLinearColor_VT.uexp" 536
"../../../Engine/Content/EngineMaterials/Black_1x1_EXR_Texture_VT.uasset" 537
"../../../Engine/Content/EngineMaterials/Black_1x1_EXR_Texture_VT.uexp" 538
"../../../Engine/Content/EngineMaterials/BaseFlattenDiffuseMap_VT.uasset" 539
"../../../Engine/Content/EngineMaterials/BaseFlattenDiffuseMap_VT.uexp" 540
"../../../Engine/Content/EngineMaterials/BaseFlattenNormalMap_VT.uasset" 541
"../../../Engine/Content/EngineMaterials/BaseFlattenNormalMap_VT.uexp" 542
"../../../Engine/Content/EngineMaterials/FlattenMaterial_WS_Normal_VT.uasset" 543
"../../../Engine/Content/EngineMaterials/FlattenMaterial_WS_Normal_VT.uexp" 544
"../../../Engine/Content/EngineMaterials/FlattenMaterial_VT.uasset" 545
"../../../Engine/Content/EngineMaterials/FlattenMaterial_VT.uexp" 546
"../../../Engine/Content/EngineMaterials/BaseFlattenNormalMap.uasset" 547
"../../../Engine/Content/EngineMaterials/BaseFlattenNormalMap.uexp" 548
"../../../Engine/Content/EngineMaterials/BaseFlattenGrayscaleMap.uasset" 549
"../../../Engine/Content/EngineMaterials/BaseFlattenGrayscaleMap.uexp" 550
"../../../Engine/Content/EngineMaterials/BaseFlattenDiffuseMap.uasset" 551
"../../../Engine/Content/EngineMaterials/BaseFlattenDiffuseMap.uexp" 552
"../../../Engine/Content/Functions/Engine_MaterialFunctions02/PivotPainter2/Black_1x1_EXR_Texture.uasset" 553
"../../../Engine/Content/Functions/Engine_MaterialFunctions02/PivotPainter2/Black_1x1_EXR_Texture.uexp" 554
"../../../Engine/Content/EngineMaterials/BaseFlattenEmissiveMap.uasset" 555
"../../../Engine/Content/EngineMaterials/BaseFlattenEmissiveMap.uexp" 556
"../../../Engine/Content/EngineMaterials/BaseFlattenLinearColor.uasset" 557
"../../../Engine/Content/EngineMaterials/BaseFlattenLinearColor.uexp" 558
"../../../Engine/Content/EngineMaterials/FlattenMaterial.uasset" 559
"../../../Engine/Content/EngineMaterials/FlattenMaterial.uexp" 560
"../../../Engine/Content/EngineMaterials/DefaultWhiteGrid_Low.uasset" 561
"../../../Engine/Content/EngineMaterials/DefaultWhiteGrid_Low.uexp" 562
"../../../Engine/Content/EngineMaterials/EmissiveMeshMaterial.uasset" 563
"../../../Engine/Content/EngineMaterials/EmissiveMeshMaterial.uexp" 564
"../../../Engine/Content/EngineFonts/RobotoDistanceField.uasset" 565
"../../../Engine/Content/EngineFonts/RobotoDistanceField.uexp" 566
"../../../Engine/Content/EngineMaterials/DefaultTextMaterialOpaque.uasset" 567
"../../../Engine/Content/EngineMaterials/DefaultTextMaterialOpaque.uexp" 568
"../../../Engine/Content/EngineMaterials/DefaultDiffuse.ubulk" 569
"../../../Engine/Content/EngineMaterials/DefaultDiffuse.uasset" 570
"../../../Engine/Content/EngineMaterials/DefaultDiffuse.uexp" 571
"../../../Engine/Content/Functions/Engine_MaterialFunctions02/Utility/BreakOutFloat2Components.uasset" 572
"../../../Engine/Content/Functions/Engine_MaterialFunctions02/Utility/BreakOutFloat2Components.uexp" 573
"../../../Engine/Content/EngineMaterials/DefaultPostProcessMaterial.uasset" 574
"../../../Engine/Content/EngineMaterials/DefaultPostProcessMaterial.uexp" 575
"../../../Engine/Content/EngineMaterials/DefaultPhysicalMaterial.uasset" 576
"../../../Engine/Content/EngineMaterials/DefaultPhysicalMaterial.uexp" 577
"../../../Engine/Content/EngineMaterials/DefaultLightFunctionMaterial.uasset" 578
"../../../Engine/Content/EngineMaterials/DefaultLightFunctionMaterial.uexp" 579
"../../../Engine/Content/EngineMaterials/DefaultDestructiblePhysicalMaterial.uasset" 580
"../../../Engine/Content/EngineMaterials/DefaultDestructiblePhysicalMaterial.uexp" 581
"../../../Engine/Content/EngineMaterials/DefaultDeferredDecalMaterial.uasset" 582
"../../../Engine/Content/EngineMaterials/DefaultDeferredDecalMaterial.uexp" 583
"../../../Engine/Content/EngineMaterials/DefaultBloomKernel.uasset" 584
"../../../Engine/Content/EngineMaterials/DefaultBloomKernel.uexp" 585
"../../../Engine/Content/EngineFonts/Faces/RobotoLight.uexp" 586
"../../../Engine/Content/EngineFonts/Faces/RobotoLight.uasset" 587
"../../../Engine/Content/EngineFonts/Faces/RobotoLight.ufont" 588
"../../../Engine/Content/EngineFonts/Faces/RobotoBold.uexp" 589
"../../../Engine/Content/EngineFonts/Faces/RobotoBold.uasset" 590
"../../../Engine/Content/EngineFonts/Faces/RobotoBold.ufont" 591
"../../../Engine/Content/EngineFonts/Faces/RobotoRegular.uexp" 592
"../../../Engine/Content/EngineFonts/Faces/RobotoRegular.uasset" 593
"../../../Engine/Content/EngineFonts/Faces/RobotoRegular.ufont" 594
"../../../Engine/Content/EngineFonts/Faces/DroidSansFallback.uexp" 595
"../../../Engine/Content/EngineFonts/Faces/DroidSansFallback.uasset" 596
"../../../Engine/Content/EngineFonts/Faces/DroidSansFallback.ufont" 597
"../../../Engine/Content/EngineFonts/Faces/RobotoItalic.uexp" 598
"../../../Engine/Content/EngineFonts/Faces/RobotoItalic.uasset" 599
"../../../Engine/Content/EngineFonts/Faces/RobotoItalic.ufont" 600
"../../../Engine/Content/EngineFonts/Faces/RobotoBoldItalic.uexp" 601
"../../../Engine/Content/EngineFonts/Faces/RobotoBoldItalic.uasset" 602
"../../../Engine/Content/EngineFonts/Faces/RobotoBoldItalic.ufont" 603
"../../../Engine/Content/EngineFonts/Roboto.uasset" 604
"../../../Engine/Content/EngineFonts/Roboto.uexp" 605
"../../../Engine/Content/EngineDebugMaterials/VolumeToRender.uasset" 606
"../../../Engine/Content/EngineDebugMaterials/VolumeToRender.uexp" 607
"../../../Engine/Content/EngineDebugMaterials/M_VolumeRenderSphereTracePP.uasset" 608
"../../../Engine/Content/EngineDebugMaterials/M_VolumeRenderSphereTracePP.uexp" 609
"../../../Engine/Content/EngineDebugMaterials/M_SimpleUnlitTranslucent.uasset" 610
"../../../Engine/Content/EngineDebugMaterials/M_SimpleUnlitTranslucent.uexp" 611
"../../../Engine/Content/EngineDebugMaterials/DebugMeshMaterial.uasset" 612
"../../../Engine/Content/EngineDebugMaterials/DebugMeshMaterial.uexp" 613
"../../../Engine/Content/EngineDebugMaterials/DebugEditorMaterial.uasset" 614
"../../../Engine/Content/EngineDebugMaterials/DebugEditorMaterial.uexp" 615
"../../../Engine/Content/EngineDamageTypes/DmgTypeBP_Environmental.uasset" 616
"../../../Engine/Content/EngineDamageTypes/DmgTypeBP_Environmental.uexp" 617
"../../../Engine/Content/EditorResources/S_Terrain.ubulk" 618
"../../../Engine/Content/EditorResources/S_Terrain.uasset" 619
"../../../Engine/Content/EditorResources/S_Terrain.uexp" 620
"../../../Engine/Content/EditorResources/EmptyActor.uasset" 621
"../../../Engine/Content/EditorResources/EmptyActor.uexp" 622
"../../../Engine/Content/EditorResources/BSPVertex.uasset" 623
"../../../Engine/Content/EditorResources/BSPVertex.uexp" 624
"../../../Engine/Content/EditorMaterials/PreviewShadowIndicator.ubulk" 625
"../../../Engine/Content/EditorMaterials/PreviewShadowIndicator.uasset" 626
"../../../Engine/Content/EditorMaterials/PreviewShadowIndicator.uexp" 627
"../../../Engine/Content/EditorMaterials/PreviewShadowIndicatorMaterial.uasset" 628
"../../../Engine/Content/EditorMaterials/PreviewShadowIndicatorMaterial.uexp" 629
"../../../Engine/Content/EditorMaterials/PhAT_UnselectedMaterial.uasset" 630
"../../../Engine/Content/EditorMaterials/PhAT_UnselectedMaterial.uexp" 631
"../../../Engine/Content/EditorMaterials/PhAT_NoCollisionMaterial.uasset" 632
"../../../Engine/Content/EditorMaterials/PhAT_NoCollisionMaterial.uexp" 633
"../../../Engine/Content/EditorLandscapeResources/DefaultAlphaTexture.uasset" 634
"../../../Engine/Content/EditorLandscapeResources/DefaultAlphaTexture.uexp" 635
"../../../Engine/Content/EditorLandscapeResources/DataLayer.uasset" 636
"../../../Engine/Content/EditorLandscapeResources/DataLayer.uexp" 637
"../../../Engine/Content/EngineMaterials/DefaultMaterial.uasset" 638
"../../../Engine/Content/EngineMaterials/DefaultMaterial.uexp" 639
"../../../Engine/Content/BasicShapes/Sphere.ubulk" 640
"../../../Engine/Content/BasicShapes/Sphere.uasset" 641
"../../../Engine/Content/BasicShapes/Sphere.uexp" 642
"../../../Engine/Content/BasicShapes/Plane.ubulk" 643
"../../../Engine/Content/BasicShapes/Plane.uasset" 644
"../../../Engine/Content/BasicShapes/Plane.uexp" 645
"../../../Engine/Content/BasicShapes/Cylinder.ubulk" 646
"../../../Engine/Content/BasicShapes/Cylinder.uasset" 647
"../../../Engine/Content/BasicShapes/Cylinder.uexp" 648
"../../../Engine/Content/BasicShapes/Cone.ubulk" 649
"../../../Engine/Content/BasicShapes/Cone.uasset" 650
"../../../Engine/Content/BasicShapes/Cone.uexp" 651
"../../../Engine/Content/Animation/DefaultRecorderBoneCompression.uasset" 652
"../../../Engine/Content/Animation/DefaultRecorderBoneCompression.uexp" 653
"C:/Users/LabTIME/Documents/Unreal Projects/TocaDiscos/Content/Blueprints/Widgets/WBP_PauseMenu.uasset" 654
"C:/Users/LabTIME/Documents/Unreal Projects/TocaDiscos/Content/Blueprints/Widgets/WBP_PauseMenu.uexp" 655
"C:/Users/LabTIME/Documents/Unreal Projects/TocaDiscos/Content/Input/IA_Cover.uasset" 656
"C:/Users/LabTIME/Documents/Unreal Projects/TocaDiscos/Content/Input/IA_Cover.uexp" 657
"C:/Users/LabTIME/Documents/Unreal Projects/TocaDiscos/Content/Input/IA_ChangeVolume.uasset" 658
"C:/Users/LabTIME/Documents/Unreal Projects/TocaDiscos/Content/Input/IA_ChangeVolume.uexp" 659
"C:/Users/LabTIME/Documents/Unreal Projects/TocaDiscos/Content/Input/IA_CameraMovement.uasset" 660
"C:/Users/LabTIME/Documents/Unreal Projects/TocaDiscos/Content/Input/IA_CameraMovement.uexp" 661
"C:/Users/LabTIME/Documents/Unreal Projects/TocaDiscos/Content/Input/IA_TurnOnOff.uasset" 662
"C:/Users/LabTIME/Documents/Unreal Projects/TocaDiscos/Content/Input/IA_TurnOnOff.uexp" 663
"C:/Users/LabTIME/Documents/Unreal Projects/TocaDiscos/Content/Input/IA_Mute.uasset" 664
"C:/Users/LabTIME/Documents/Unreal Projects/TocaDiscos/Content/Input/IA_Mute.uexp" 665
"C:/Users/LabTIME/Documents/Unreal Projects/TocaDiscos/Content/Input/IA_PauseMenu.uasset" 666
"C:/Users/LabTIME/Documents/Unreal Projects/TocaDiscos/Content/Input/IA_PauseMenu.uexp" 667
"C:/Users/LabTIME/Documents/Unreal Projects/TocaDiscos/Content/Input/IA_CameraZoom.uasset" 668
"C:/Users/LabTIME/Documents/Unreal Projects/TocaDiscos/Content/Input/IA_CameraZoom.uexp" 669
"C:/Users/LabTIME/Documents/Unreal Projects/TocaDiscos/Content/Input/IMC_TocaDiscos.uasset" 670
"C:/Users/LabTIME/Documents/Unreal Projects/TocaDiscos/Content/Input/IMC_TocaDiscos.uexp" 671
"C:/Users/LabTIME/Documents/Unreal Projects/TocaDiscos/Content/Blueprints/Widgets/WBP_TocaDiscos_MainUI.uasset" 672
"C:/Users/LabTIME/Documents/Unreal Projects/TocaDiscos/Content/Blueprints/Widgets/WBP_TocaDiscos_MainUI.uexp" 673
"C:/Users/LabTIME/Documents/Unreal Projects/TocaDiscos/Content/Sounds/01_01__Moonlight_Sonata_Op__27__No__2_In_C_Sharp_Minor__Adagio_Sostenuto.ubulk" 674
"C:/Users/LabTIME/Documents/Unreal Projects/TocaDiscos/Content/Sounds/01_01__Moonlight_Sonata_Op__27__No__2_In_C_Sharp_Minor__Adagio_Sostenuto.uasset" 675
"C:/Users/LabTIME/Documents/Unreal Projects/TocaDiscos/Content/Sounds/01_01__Moonlight_Sonata_Op__27__No__2_In_C_Sharp_Minor__Adagio_Sostenuto.uexp" 676
"C:/Users/LabTIME/Documents/Unreal Projects/TocaDiscos/Content/Sounds/morning_routine_lofi_study_music.ubulk" 677
"C:/Users/LabTIME/Documents/Unreal Projects/TocaDiscos/Content/Sounds/morning_routine_lofi_study_music.uasset" 678
"C:/Users/LabTIME/Documents/Unreal Projects/TocaDiscos/Content/Sounds/morning_routine_lofi_study_music.uexp" 679
"C:/Users/LabTIME/Documents/Unreal Projects/TocaDiscos/Content/Art/Textures/T_RecordPlayer02_ORM.ubulk" 680
"C:/Users/LabTIME/Documents/Unreal Projects/TocaDiscos/Content/Art/Textures/T_RecordPlayer02_ORM.uasset" 681
"C:/Users/LabTIME/Documents/Unreal Projects/TocaDiscos/Content/Art/Textures/T_RecordPlayer02_ORM.uexp" 682
"C:/Users/LabTIME/Documents/Unreal Projects/TocaDiscos/Content/Art/Textures/T_RecordPlayer02_ALB.ubulk" 683
"C:/Users/LabTIME/Documents/Unreal Projects/TocaDiscos/Content/Art/Textures/T_RecordPlayer02_ALB.uasset" 684
"C:/Users/LabTIME/Documents/Unreal Projects/TocaDiscos/Content/Art/Textures/T_RecordPlayer02_ALB.uexp" 685
"C:/Users/LabTIME/Documents/Unreal Projects/TocaDiscos/Content/Art/Textures/T_RecordPlayer02_N.ubulk" 686
"C:/Users/LabTIME/Documents/Unreal Projects/TocaDiscos/Content/Art/Textures/T_RecordPlayer02_N.uasset" 687
"C:/Users/LabTIME/Documents/Unreal Projects/TocaDiscos/Content/Art/Textures/T_RecordPlayer02_N.uexp" 688
"C:/Users/LabTIME/Documents/Unreal Projects/TocaDiscos/Content/Art/Materials/M_RecordPlayer02.uasset" 689
"C:/Users/LabTIME/Documents/Unreal Projects/TocaDiscos/Content/Art/Materials/M_RecordPlayer02.uexp" 690
"C:/Users/LabTIME/Documents/Unreal Projects/TocaDiscos/Content/Art/Meshes/PA_RecordPlayer_PhysicsAsset.uasset" 691
"C:/Users/LabTIME/Documents/Unreal Projects/TocaDiscos/Content/Art/Meshes/PA_RecordPlayer_PhysicsAsset.uexp" 692
"C:/Users/LabTIME/Documents/Unreal Projects/TocaDiscos/Content/Art/Textures/T_RecordPlayer01_ALB.ubulk" 693
"C:/Users/LabTIME/Documents/Unreal Projects/TocaDiscos/Content/Art/Textures/T_RecordPlayer01_ALB.uasset" 694
"C:/Users/LabTIME/Documents/Unreal Projects/TocaDiscos/Content/Art/Textures/T_RecordPlayer01_ALB.uexp" 695
"C:/Users/LabTIME/Documents/Unreal Projects/TocaDiscos/Content/Art/Textures/T_RecordPlayer01_N.ubulk" 696
"C:/Users/LabTIME/Documents/Unreal Projects/TocaDiscos/Content/Art/Textures/T_RecordPlayer01_N.uasset" 697
"C:/Users/LabTIME/Documents/Unreal Projects/TocaDiscos/Content/Art/Textures/T_RecordPlayer01_N.uexp" 698
"C:/Users/LabTIME/Documents/Unreal Projects/TocaDiscos/Content/Art/Textures/T_RecordPlayer01_ORM.ubulk" 699
"C:/Users/LabTIME/Documents/Unreal Projects/TocaDiscos/Content/Art/Textures/T_RecordPlayer01_ORM.uasset" 700
"C:/Users/LabTIME/Documents/Unreal Projects/TocaDiscos/Content/Art/Textures/T_RecordPlayer01_ORM.uexp" 701
"C:/Users/LabTIME/Documents/Unreal Projects/TocaDiscos/Content/Art/Materials/M_RecordPlayer01.uasset" 702
"C:/Users/LabTIME/Documents/Unreal Projects/TocaDiscos/Content/Art/Materials/M_RecordPlayer01.uexp" 703
"C:/Users/LabTIME/Documents/Unreal Projects/TocaDiscos/Content/Art/Meshes/SK_RecordPlayer_Skeleton.uasset" 704
"C:/Users/LabTIME/Documents/Unreal Projects/TocaDiscos/Content/Art/Meshes/SK_RecordPlayer_Skeleton.uexp" 705
"C:/Users/LabTIME/Documents/Unreal Projects/TocaDiscos/Content/Art/Meshes/SKM_RecordPlayer.uasset" 706
"C:/Users/LabTIME/Documents/Unreal Projects/TocaDiscos/Content/Art/Meshes/SKM_RecordPlayer.uexp" 707
"../../../Engine/Plugins/Animation/ACLPlugin/Content/ACLAnimBoneCompressionSettings.uasset" 708
"../../../Engine/Plugins/Animation/ACLPlugin/Content/ACLAnimBoneCompressionSettings.uexp" 709
"../../../Engine/Content/Animation/DefaultVariableFrameStrippingSettings.uasset" 710
"../../../Engine/Content/Animation/DefaultVariableFrameStrippingSettings.uexp" 711
"../../../Engine/Plugins/Animation/ACLPlugin/Content/ACLAnimCurveCompressionSettings.uasset" 712
"../../../Engine/Plugins/Animation/ACLPlugin/Content/ACLAnimCurveCompressionSettings.uexp" 713
"C:/Users/LabTIME/Documents/Unreal Projects/TocaDiscos/Content/Art/Animations/AS_RPDustCover_Closing.uasset" 714
"C:/Users/LabTIME/Documents/Unreal Projects/TocaDiscos/Content/Art/Animations/AS_RPDustCover_Closing.uexp" 715
"C:/Users/LabTIME/Documents/Unreal Projects/TocaDiscos/Content/Art/Animations/AM_RPDustCover_Closing.uasset" 716
"C:/Users/LabTIME/Documents/Unreal Projects/TocaDiscos/Content/Art/Animations/AM_RPDustCover_Closing.uexp" 717
"C:/Users/LabTIME/Documents/Unreal Projects/TocaDiscos/Content/Art/Animations/AS_VinilPlayer_TurningOn.uasset" 718
"C:/Users/LabTIME/Documents/Unreal Projects/TocaDiscos/Content/Art/Animations/AS_VinilPlayer_TurningOn.uexp" 719
"C:/Users/LabTIME/Documents/Unreal Projects/TocaDiscos/Content/Art/Animations/AM_VinilPlayer_TurningOn.uasset" 720
"C:/Users/LabTIME/Documents/Unreal Projects/TocaDiscos/Content/Art/Animations/AM_VinilPlayer_TurningOn.uexp" 721
"C:/Users/LabTIME/Documents/Unreal Projects/TocaDiscos/Content/Art/Meshes/SM_RPVolume_geo.ubulk" 722
"C:/Users/LabTIME/Documents/Unreal Projects/TocaDiscos/Content/Art/Meshes/SM_RPVolume_geo.uasset" 723
"C:/Users/LabTIME/Documents/Unreal Projects/TocaDiscos/Content/Art/Meshes/SM_RPVolume_geo.uexp" 724
"C:/Users/LabTIME/Documents/Unreal Projects/TocaDiscos/Content/Art/Animations/AS_VinilPlayer_TurningOff.uasset" 725
"C:/Users/LabTIME/Documents/Unreal Projects/TocaDiscos/Content/Art/Animations/AS_VinilPlayer_TurningOff.uexp" 726
"C:/Users/LabTIME/Documents/Unreal Projects/TocaDiscos/Content/Art/Animations/AM_VinilPlayer_TurningOff.uasset" 727
"C:/Users/LabTIME/Documents/Unreal Projects/TocaDiscos/Content/Art/Animations/AM_VinilPlayer_TurningOff.uexp" 728
"C:/Users/LabTIME/Documents/Unreal Projects/TocaDiscos/Content/Blueprints/ABP_TocaDiscos.uasset" 729
"C:/Users/LabTIME/Documents/Unreal Projects/TocaDiscos/Content/Blueprints/ABP_TocaDiscos.uexp" 730
"C:/Users/LabTIME/Documents/Unreal Projects/TocaDiscos/Content/Art/Animations/AS_RPDustCover_Opening.uasset" 731
"C:/Users/LabTIME/Documents/Unreal Projects/TocaDiscos/Content/Art/Animations/AS_RPDustCover_Opening.uexp" 732
"C:/Users/LabTIME/Documents/Unreal Projects/TocaDiscos/Content/Art/Animations/AM_RPDustCover_Opening.uasset" 733
"C:/Users/LabTIME/Documents/Unreal Projects/TocaDiscos/Content/Art/Animations/AM_RPDustCover_Opening.uexp" 734
"C:/Users/LabTIME/Documents/Unreal Projects/TocaDiscos/Content/Sounds/alexander-nakarada-superepic_chosic_com_.ubulk" 735
"C:/Users/LabTIME/Documents/Unreal Projects/TocaDiscos/Content/Sounds/alexander-nakarada-superepic_chosic_com_.uasset" 736
"C:/Users/LabTIME/Documents/Unreal Projects/TocaDiscos/Content/Sounds/alexander-nakarada-superepic_chosic_com_.uexp" 737
"../../../Engine/Content/VREditor/Sounds/UI/Click_on_Button.ubulk" 738
"../../../Engine/Content/VREditor/Sounds/UI/Click_on_Button.uasset" 739
"../../../Engine/Content/VREditor/Sounds/UI/Click_on_Button.uexp" 740
"C:/Users/LabTIME/Documents/Unreal Projects/TocaDiscos/Content/Sounds/alexander_nakarada_silly_intro.ubulk" 741
"C:/Users/LabTIME/Documents/Unreal Projects/TocaDiscos/Content/Sounds/alexander_nakarada_silly_intro.uasset" 742
"C:/Users/LabTIME/Documents/Unreal Projects/TocaDiscos/Content/Sounds/alexander_nakarada_silly_intro.uexp" 743
"C:/Users/LabTIME/Documents/Unreal Projects/TocaDiscos/Content/Blueprints/BP_TocaDiscos.uasset" 744
"C:/Users/LabTIME/Documents/Unreal Projects/TocaDiscos/Content/Blueprints/BP_TocaDiscos.uexp" 745
"C:/Users/LabTIME/Documents/Unreal Projects/TocaDiscos/Content/GameFramework/Player/BP_Player_TocaDiscos.uasset" 746
"C:/Users/LabTIME/Documents/Unreal Projects/TocaDiscos/Content/GameFramework/Player/BP_Player_TocaDiscos.uexp" 747
"C:/Users/LabTIME/Documents/Unreal Projects/TocaDiscos/Content/GameFramework/GM_TocaDiscos.uasset" 748
"C:/Users/LabTIME/Documents/Unreal Projects/TocaDiscos/Content/GameFramework/GM_TocaDiscos.uexp" 749
"C:/Users/LabTIME/Documents/Unreal Projects/TocaDiscos/Content/Art/Textures/T_RecordPlayer_03_ORM.ubulk" 750
"C:/Users/LabTIME/Documents/Unreal Projects/TocaDiscos/Content/Art/Textures/T_RecordPlayer_03_ORM.uasset" 751
"C:/Users/LabTIME/Documents/Unreal Projects/TocaDiscos/Content/Art/Textures/T_RecordPlayer_03_ORM.uexp" 752
"C:/Users/LabTIME/Documents/Unreal Projects/TocaDiscos/Content/Art/Textures/T_RecordPlayer_03_N.ubulk" 753
"C:/Users/LabTIME/Documents/Unreal Projects/TocaDiscos/Content/Art/Textures/T_RecordPlayer_03_N.uasset" 754
"C:/Users/LabTIME/Documents/Unreal Projects/TocaDiscos/Content/Art/Textures/T_RecordPlayer_03_N.uexp" 755
"C:/Users/LabTIME/Documents/Unreal Projects/TocaDiscos/Content/Art/Textures/T_RecordPlayer_03_ALB.ubulk" 756
"C:/Users/LabTIME/Documents/Unreal Projects/TocaDiscos/Content/Art/Textures/T_RecordPlayer_03_ALB.uasset" 757
"C:/Users/LabTIME/Documents/Unreal Projects/TocaDiscos/Content/Art/Textures/T_RecordPlayer_03_ALB.uexp" 758
"../../../Engine/Plugins/Interchange/Runtime/Content/gltf/MaterialFunctions/MF_RotateV2.uasset" 759
"../../../Engine/Plugins/Interchange/Runtime/Content/gltf/MaterialFunctions/MF_RotateV2.uexp" 760
"../../../Engine/Plugins/Interchange/Runtime/Content/gltf/MaterialFunctions/MF_TransformUVs.uasset" 761
"../../../Engine/Plugins/Interchange/Runtime/Content/gltf/MaterialFunctions/MF_TransformUVs.uexp" 762
"../../../Engine/Plugins/Interchange/Runtime/Content/gltf/Textures/T_White_srgb.uasset" 763
"../../../Engine/Plugins/Interchange/Runtime/Content/gltf/Textures/T_White_srgb.uexp" 764
"../../../Engine/Plugins/Interchange/Runtime/Content/gltf/MaterialFunctions/MF_BaseColor.uasset" 765
"../../../Engine/Plugins/Interchange/Runtime/Content/gltf/MaterialFunctions/MF_BaseColor.uexp" 766
"../../../Engine/Plugins/Interchange/Runtime/Content/gltf/MaterialBodies/MF_Unlit_Body.uasset" 767
"../../../Engine/Plugins/Interchange/Runtime/Content/gltf/MaterialBodies/MF_Unlit_Body.uexp" 768
"../../../Engine/Plugins/Interchange/Runtime/Content/gltf/M_Unlit.uasset" 769
"../../../Engine/Plugins/Interchange/Runtime/Content/gltf/M_Unlit.uexp" 770
"../../../Engine/Plugins/Interchange/Runtime/Content/gltf/MaterialInstances/MI_Unlit_Opaque_DS.uasset" 771
"../../../Engine/Plugins/Interchange/Runtime/Content/gltf/MaterialInstances/MI_Unlit_Opaque_DS.uexp" 772
"../../../Engine/Plugins/Interchange/Runtime/Content/gltf/MaterialInstances/MI_Unlit_Opaque.uasset" 773
"../../../Engine/Plugins/Interchange/Runtime/Content/gltf/MaterialInstances/MI_Unlit_Opaque.uexp" 774
"../../../Engine/Plugins/Interchange/Runtime/Content/gltf/MaterialInstances/MI_Unlit_Mask_DS.uasset" 775
"../../../Engine/Plugins/Interchange/Runtime/Content/gltf/MaterialInstances/MI_Unlit_Mask_DS.uexp" 776
"../../../Engine/Plugins/Interchange/Runtime/Content/gltf/MaterialInstances/MI_Unlit_Mask.uasset" 777
"../../../Engine/Plugins/Interchange/Runtime/Content/gltf/MaterialInstances/MI_Unlit_Mask.uexp" 778
"../../../Engine/Plugins/Interchange/Runtime/Content/gltf/MaterialInstances/MI_Unlit_Blend_DS.uasset" 779
"../../../Engine/Plugins/Interchange/Runtime/Content/gltf/MaterialInstances/MI_Unlit_Blend_DS.uexp" 780
"../../../Engine/Plugins/Interchange/Runtime/Content/gltf/MaterialInstances/MI_Unlit_Blend.uasset" 781
"../../../Engine/Plugins/Interchange/Runtime/Content/gltf/MaterialInstances/MI_Unlit_Blend.uexp" 782
"../../../Engine/Plugins/Interchange/Runtime/Content/gltf/MaterialFunctions/MF_Iridescence.uasset" 783
"../../../Engine/Plugins/Interchange/Runtime/Content/gltf/MaterialFunctions/MF_Iridescence.uexp" 784
"../../../Engine/Plugins/Interchange/Runtime/Content/gltf/Textures/T_White_Linear.uasset" 785
"../../../Engine/Plugins/Interchange/Runtime/Content/gltf/Textures/T_White_Linear.uexp" 786
"../../../Engine/Plugins/Interchange/Runtime/Content/gltf/MaterialFunctions/MF_MetallicRoughness.uasset" 787
"../../../Engine/Plugins/Interchange/Runtime/Content/gltf/MaterialFunctions/MF_MetallicRoughness.uexp" 788
"../../../Engine/Plugins/Interchange/Runtime/Content/gltf/MaterialFunctions/MF_Transmission.uasset" 789
"../../../Engine/Plugins/Interchange/Runtime/Content/gltf/MaterialFunctions/MF_Transmission.uexp" 790
"../../../Engine/Plugins/Interchange/Runtime/Content/gltf/MaterialFunctions/MF_Occlusion.uasset" 791
"../../../Engine/Plugins/Interchange/Runtime/Content/gltf/MaterialFunctions/MF_Occlusion.uexp" 792
"../../../Engine/Plugins/Interchange/Runtime/Content/gltf/MaterialFunctions/MF_Specular.uasset" 793
"../../../Engine/Plugins/Interchange/Runtime/Content/gltf/MaterialFunctions/MF_Specular.uexp" 794
"../../../Engine/Plugins/Interchange/Runtime/Content/gltf/MaterialFunctions/MF_IOR.uasset" 795
"../../../Engine/Plugins/Interchange/Runtime/Content/gltf/MaterialFunctions/MF_IOR.uexp" 796
"../../../Engine/Plugins/Interchange/Runtime/Content/gltf/MaterialFunctions/MF_RotateNormals_TS.uasset" 797
"../../../Engine/Plugins/Interchange/Runtime/Content/gltf/MaterialFunctions/MF_RotateNormals_TS.uexp" 798
"../../../Engine/Plugins/Interchange/Runtime/Content/gltf/Textures/T_Generic_N.uasset" 799
"../../../Engine/Plugins/Interchange/Runtime/Content/gltf/Textures/T_Generic_N.uexp" 800
"../../../Engine/Plugins/Interchange/Runtime/Content/gltf/MaterialFunctions/MF_Normals.uasset" 801
"../../../Engine/Plugins/Interchange/Runtime/Content/gltf/MaterialFunctions/MF_Normals.uexp" 802
"../../../Engine/Plugins/Interchange/Runtime/Content/gltf/MaterialBodies/MF_Transmission_Body.uasset" 803
"../../../Engine/Plugins/Interchange/Runtime/Content/gltf/MaterialBodies/MF_Transmission_Body.uexp" 804
"../../../Engine/Plugins/Interchange/Runtime/Content/gltf/M_Transmission.uasset" 805
"../../../Engine/Plugins/Interchange/Runtime/Content/gltf/M_Transmission.uexp" 806
"../../../Engine/Plugins/Interchange/Runtime/Content/gltf/MaterialInstances/MI_Transmission_DS.uasset" 807
"../../../Engine/Plugins/Interchange/Runtime/Content/gltf/MaterialInstances/MI_Transmission_DS.uexp" 808
"../../../Engine/Plugins/Interchange/Runtime/Content/gltf/MaterialInstances/MI_Transmission.uasset" 809
"../../../Engine/Plugins/Interchange/Runtime/Content/gltf/MaterialInstances/MI_Transmission.uexp" 810
"../../../Engine/Plugins/Interchange/Runtime/Content/gltf/MaterialFunctions/MF_DiffuseSpecGloss.uasset" 811
"../../../Engine/Plugins/Interchange/Runtime/Content/gltf/MaterialFunctions/MF_DiffuseSpecGloss.uexp" 812
"../../../Engine/Content/Functions/Engine_MaterialFunctions02/Math/AddComponents.uasset" 813
"../../../Engine/Content/Functions/Engine_MaterialFunctions02/Math/AddComponents.uexp" 814
"../../../Engine/Plugins/Interchange/Runtime/Content/gltf/MaterialFunctions/MF_PerceivedBrightness.uasset" 815
"../../../Engine/Plugins/Interchange/Runtime/Content/gltf/MaterialFunctions/MF_PerceivedBrightness.uexp" 816
"../../../Engine/Plugins/Interchange/Runtime/Content/gltf/MaterialFunctions/MF_Emissive.uasset" 817
"../../../Engine/Plugins/Interchange/Runtime/Content/gltf/MaterialFunctions/MF_Emissive.uexp" 818
"../../../Engine/Plugins/Interchange/Runtime/Content/gltf/MaterialFunctions/MF_SpecGlossToMetalRoughness.uasset" 819
"../../../Engine/Plugins/Interchange/Runtime/Content/gltf/MaterialFunctions/MF_SpecGlossToMetalRoughness.uexp" 820
"../../../Engine/Plugins/Interchange/Runtime/Content/gltf/MaterialBodies/MF_SpecularGlossiness_Body.uasset" 821
"../../../Engine/Plugins/Interchange/Runtime/Content/gltf/MaterialBodies/MF_SpecularGlossiness_Body.uexp" 822
"../../../Engine/Plugins/Interchange/Runtime/Content/gltf/M_SpecularGlossiness.uasset" 823
"../../../Engine/Plugins/Interchange/Runtime/Content/gltf/M_SpecularGlossiness.uexp" 824
"../../../Engine/Plugins/Interchange/Runtime/Content/gltf/MaterialInstances/MI_SpecularGlossiness_Opaque_DS.uasset" 825
"../../../Engine/Plugins/Interchange/Runtime/Content/gltf/MaterialInstances/MI_SpecularGlossiness_Opaque_DS.uexp" 826
"../../../Engine/Plugins/Interchange/Runtime/Content/gltf/MaterialInstances/MI_SpecularGlossiness_Opaque.uasset" 827
"../../../Engine/Plugins/Interchange/Runtime/Content/gltf/MaterialInstances/MI_SpecularGlossiness_Opaque.uexp" 828
"../../../Engine/Plugins/Interchange/Runtime/Content/gltf/MaterialInstances/MI_SpecularGlossiness_Mask_DS.uasset" 829
"../../../Engine/Plugins/Interchange/Runtime/Content/gltf/MaterialInstances/MI_SpecularGlossiness_Mask_DS.uexp" 830
"../../../Engine/Plugins/Interchange/Runtime/Content/gltf/MaterialInstances/MI_SpecularGlossiness_Mask.uasset" 831
"../../../Engine/Plugins/Interchange/Runtime/Content/gltf/MaterialInstances/MI_SpecularGlossiness_Mask.uexp" 832
"../../../Engine/Plugins/Interchange/Runtime/Content/gltf/MaterialInstances/MI_SpecularGlossiness_Blend_DS.uasset" 833
"../../../Engine/Plugins/Interchange/Runtime/Content/gltf/MaterialInstances/MI_SpecularGlossiness_Blend_DS.uexp" 834
"../../../Engine/Plugins/Interchange/Runtime/Content/gltf/MaterialInstances/MI_SpecularGlossiness_Blend.uasset" 835
"../../../Engine/Plugins/Interchange/Runtime/Content/gltf/MaterialInstances/MI_SpecularGlossiness_Blend.uexp" 836
"../../../Engine/Plugins/Interchange/Runtime/Content/gltf/MaterialFunctions/MF_Sheen.uasset" 837
"../../../Engine/Plugins/Interchange/Runtime/Content/gltf/MaterialFunctions/MF_Sheen.uexp" 838
"../../../Engine/Plugins/Interchange/Runtime/Content/gltf/MaterialBodies/MF_Sheen_Body.uasset" 839
"../../../Engine/Plugins/Interchange/Runtime/Content/gltf/MaterialBodies/MF_Sheen_Body.uexp" 840
"../../../Engine/Plugins/Interchange/Runtime/Content/gltf/M_Sheen.uasset" 841
"../../../Engine/Plugins/Interchange/Runtime/Content/gltf/M_Sheen.uexp" 842
"../../../Engine/Plugins/Interchange/Runtime/Content/gltf/MaterialInstances/MI_Sheen_Opaque_DS.uasset" 843
"../../../Engine/Plugins/Interchange/Runtime/Content/gltf/MaterialInstances/MI_Sheen_Opaque_DS.uexp" 844
"../../../Engine/Plugins/Interchange/Runtime/Content/gltf/MaterialInstances/MI_Sheen_Opaque.uasset" 845
"../../../Engine/Plugins/Interchange/Runtime/Content/gltf/MaterialInstances/MI_Sheen_Opaque.uexp" 846
"../../../Engine/Plugins/Interchange/Runtime/Content/gltf/MaterialInstances/MI_Sheen_Mask_DS.uasset" 847
"../../../Engine/Plugins/Interchange/Runtime/Content/gltf/MaterialInstances/MI_Sheen_Mask_DS.uexp" 848
"../../../Engine/Plugins/Interchange/Runtime/Content/gltf/MaterialInstances/MI_Sheen_Mask.uasset" 849
"../../../Engine/Plugins/Interchange/Runtime/Content/gltf/MaterialInstances/MI_Sheen_Mask.uexp" 850
"../../../Engine/Plugins/Interchange/Runtime/Content/gltf/MaterialInstances/MI_Sheen_Blend_DS.uasset" 851
"../../../Engine/Plugins/Interchange/Runtime/Content/gltf/MaterialInstances/MI_Sheen_Blend_DS.uexp" 852
"../../../Engine/Plugins/Interchange/Runtime/Content/gltf/MaterialInstances/MI_Sheen_Blend.uasset" 853
"../../../Engine/Plugins/Interchange/Runtime/Content/gltf/MaterialInstances/MI_Sheen_Blend.uexp" 854
"../../../Engine/Plugins/Interchange/Runtime/Content/gltf/MaterialBodies/MF_Default_Body.uasset" 855
"../../../Engine/Plugins/Interchange/Runtime/Content/gltf/MaterialBodies/MF_Default_Body.uexp" 856
"../../../Engine/Plugins/Interchange/Runtime/Content/gltf/M_Default.uasset" 857
"../../../Engine/Plugins/Interchange/Runtime/Content/gltf/M_Default.uexp" 858
"../../../Engine/Plugins/Interchange/Runtime/Content/gltf/MaterialInstances/MI_Default_Opaque_DS.uasset" 859
"../../../Engine/Plugins/Interchange/Runtime/Content/gltf/MaterialInstances/MI_Default_Opaque_DS.uexp" 860
"../../../Engine/Plugins/Interchange/Runtime/Content/gltf/MaterialInstances/MI_Default_Opaque.uasset" 861
"../../../Engine/Plugins/Interchange/Runtime/Content/gltf/MaterialInstances/MI_Default_Opaque.uexp" 862
"../../../Engine/Plugins/Interchange/Runtime/Content/gltf/MaterialInstances/MI_Default_Mask_DS.uasset" 863
"../../../Engine/Plugins/Interchange/Runtime/Content/gltf/MaterialInstances/MI_Default_Mask_DS.uexp" 864
"../../../Engine/Plugins/Interchange/Runtime/Content/gltf/MaterialInstances/MI_Default_Mask.uasset" 865
"../../../Engine/Plugins/Interchange/Runtime/Content/gltf/MaterialInstances/MI_Default_Mask.uexp" 866
"../../../Engine/Plugins/Interchange/Runtime/Content/gltf/MaterialInstances/MI_Default_Blend_DS.uasset" 867
"../../../Engine/Plugins/Interchange/Runtime/Content/gltf/MaterialInstances/MI_Default_Blend_DS.uexp" 868
"../../../Engine/Plugins/Interchange/Runtime/Content/gltf/MaterialInstances/MI_Default_Blend.uasset" 869
"../../../Engine/Plugins/Interchange/Runtime/Content/gltf/MaterialInstances/MI_Default_Blend.uexp" 870
"../../../Engine/Content/Functions/Engine_MaterialFunctions01/Texturing/FlattenNormal.uasset" 871
"../../../Engine/Content/Functions/Engine_MaterialFunctions01/Texturing/FlattenNormal.uexp" 872
"../../../Engine/Plugins/Interchange/Runtime/Content/gltf/MaterialFunctions/MF_Clearcoat.uasset" 873
"../../../Engine/Plugins/Interchange/Runtime/Content/gltf/MaterialFunctions/MF_Clearcoat.uexp" 874
"../../../Engine/Plugins/Interchange/Runtime/Content/gltf/MaterialBodies/MF_ClearCoat_Body.uasset" 875
"../../../Engine/Plugins/Interchange/Runtime/Content/gltf/MaterialBodies/MF_ClearCoat_Body.uexp" 876
"../../../Engine/Plugins/Interchange/Runtime/Content/gltf/M_ClearCoat.uasset" 877
"../../../Engine/Plugins/Interchange/Runtime/Content/gltf/M_ClearCoat.uexp" 878
"../../../Engine/Plugins/Interchange/Runtime/Content/gltf/MaterialInstances/MI_ClearCoat_Opaque_DS.uasset" 879
"../../../Engine/Plugins/Interchange/Runtime/Content/gltf/MaterialInstances/MI_ClearCoat_Opaque_DS.uexp" 880
"../../../Engine/Plugins/Interchange/Runtime/Content/gltf/MaterialInstances/MI_ClearCoat_Opaque.uasset" 881
"../../../Engine/Plugins/Interchange/Runtime/Content/gltf/MaterialInstances/MI_ClearCoat_Opaque.uexp" 882
"../../../Engine/Plugins/Interchange/Runtime/Content/gltf/MaterialInstances/MI_ClearCoat_Mask_DS.uasset" 883
"../../../Engine/Plugins/Interchange/Runtime/Content/gltf/MaterialInstances/MI_ClearCoat_Mask_DS.uexp" 884
"../../../Engine/Plugins/Interchange/Runtime/Content/gltf/MaterialInstances/MI_ClearCoat_Mask.uasset" 885
"../../../Engine/Plugins/Interchange/Runtime/Content/gltf/MaterialInstances/MI_ClearCoat_Mask.uexp" 886
"../../../Engine/Plugins/Interchange/Runtime/Content/gltf/MaterialInstances/MI_ClearCoat_Blend_DS.uasset" 887
"../../../Engine/Plugins/Interchange/Runtime/Content/gltf/MaterialInstances/MI_ClearCoat_Blend_DS.uexp" 888
"../../../Engine/Plugins/Interchange/Runtime/Content/gltf/MaterialInstances/MI_ClearCoat_Blend.uasset" 889
"../../../Engine/Plugins/Interchange/Runtime/Content/gltf/MaterialInstances/MI_ClearCoat_Blend.uexp" 890
"../../../Engine/Content/MobileResources/HUD/VirtualJoystick_Background.uasset" 891
"../../../Engine/Content/MobileResources/HUD/VirtualJoystick_Background.uexp" 892
"../../../Engine/Content/MobileResources/HUD/VirtualJoystick_Thumb.uasset" 893
"../../../Engine/Content/MobileResources/HUD/VirtualJoystick_Thumb.uexp" 894
"../../../Engine/Content/MobileResources/HUD/DefaultVirtualJoysticks.uasset" 895
"../../../Engine/Content/MobileResources/HUD/DefaultVirtualJoysticks.uexp" 896
"../../../Engine/Content/EngineSky/VolumetricClouds/CloudWeatherTexture.uasset" 897
"../../../Engine/Content/EngineSky/VolumetricClouds/CloudWeatherTexture.uexp" 898
"../../../Engine/Content/Functions/Engine_MaterialFunctions02/Utility/MakeFloat2.uasset" 899
"../../../Engine/Content/Functions/Engine_MaterialFunctions02/Utility/MakeFloat2.uexp" 900
"../../../Engine/Content/EngineSky/VolumetricClouds/CloudGradientTexture.uasset" 901
"../../../Engine/Content/EngineSky/VolumetricClouds/CloudGradientTexture.uexp" 902
"../../../Engine/Content/EngineSky/VolumetricClouds/T_NoiseShape64.ubulk" 903
"../../../Engine/Content/EngineSky/VolumetricClouds/T_NoiseShape64.uasset" 904
"../../../Engine/Content/EngineSky/VolumetricClouds/T_NoiseShape64.uexp" 905
"../../../Engine/Content/EngineSky/VolumetricClouds/T_VolumeNoiseShape64.uasset" 906
"../../../Engine/Content/EngineSky/VolumetricClouds/T_VolumeNoiseShape64.uexp" 907
"../../../Engine/Content/EngineSky/VolumetricClouds/T_NoiseErosion.ubulk" 908
"../../../Engine/Content/EngineSky/VolumetricClouds/T_NoiseErosion.uasset" 909
"../../../Engine/Content/EngineSky/VolumetricClouds/T_NoiseErosion.uexp" 910
"../../../Engine/Content/EngineSky/VolumetricClouds/T_VolumeNoiseErosion32.uasset" 911
"../../../Engine/Content/EngineSky/VolumetricClouds/T_VolumeNoiseErosion32.uexp" 912
"../../../Engine/Content/EngineSky/VolumetricClouds/m_SimpleVolumetricCloud.uasset" 913
"../../../Engine/Content/EngineSky/VolumetricClouds/m_SimpleVolumetricCloud.uexp" 914
"../../../Engine/Content/EngineSky/VolumetricClouds/m_SimpleVolumetricCloud_Inst.uasset" 915
"../../../Engine/Content/EngineSky/VolumetricClouds/m_SimpleVolumetricCloud_Inst.uexp" 916
"../../../Engine/Content/EngineResources/FilmGrains/Marcie_Grain_v3_128_M2_000.uasset" 917
"../../../Engine/Content/EngineResources/FilmGrains/Marcie_Grain_v3_128_M2_000.uexp" 918
"../../../Engine/Content/EditorResources/SequenceRecorder/RecordingIndicator.uasset" 919
"../../../Engine/Content/EditorResources/SequenceRecorder/RecordingIndicator.uexp" 920
"../../../Engine/Content/EditorResources/SequenceRecorder/Countdown.uasset" 921
"../../../Engine/Content/EditorResources/SequenceRecorder/Countdown.uexp" 922
"../../../Engine/Content/EditorMaterials/Dataflow/DataflowVertexMaterial.uasset" 923
"../../../Engine/Content/EditorMaterials/Dataflow/DataflowVertexMaterial.uexp" 924
"../../../Engine/Content/Functions/Engine_MaterialFunctions01/Shading/PowerToRoughness.uasset" 925
"../../../Engine/Content/Functions/Engine_MaterialFunctions01/Shading/PowerToRoughness.uexp" 926
"../../../Engine/Content/Functions/Engine_MaterialFunctions01/Shading/ConvertFromDiffSpec.uasset" 927
"../../../Engine/Content/Functions/Engine_MaterialFunctions01/Shading/ConvertFromDiffSpec.uexp" 928
"../../../Engine/Content/EngineMaterials/Substrate/Volume/SubstrateSimpleVolumeLUT3D.uasset" 929
"../../../Engine/Content/EngineMaterials/Substrate/Volume/SubstrateSimpleVolumeLUT3D.uexp" 930
"../../../Engine/Content/EngineMaterials/Substrate/Volume/SubstrateSimpleVolumeEnvLUT3D.uasset" 931
"../../../Engine/Content/EngineMaterials/Substrate/Volume/SubstrateSimpleVolumeEnvLUT3D.uexp" 932
"../../../Engine/Content/EngineMaterials/Substrate/GLints2/AGlintTex2dArray2.uasset" 933
"../../../Engine/Content/EngineMaterials/Substrate/GLints2/AGlintTex2dArray2.uexp" 934
"../../../Engine/Content/EngineMaterials/Substrate/GLints/AGlintTex2dArray.uasset" 935
"../../../Engine/Content/EngineMaterials/Substrate/GLints/AGlintTex2dArray.uexp" 936
"../../../Engine/Content/BasicShapes/Cube.ubulk" 937
"../../../Engine/Content/BasicShapes/Cube.uasset" 938
"../../../Engine/Content/BasicShapes/Cube.uexp" 939
"C:/Users/LabTIME/Documents/Unreal Projects/TocaDiscos/Content/Art/Textures/T_RecordPlayer_04_ALB.ubulk" 940
"C:/Users/LabTIME/Documents/Unreal Projects/TocaDiscos/Content/Art/Textures/T_RecordPlayer_04_ALB.uasset" 941
"C:/Users/LabTIME/Documents/Unreal Projects/TocaDiscos/Content/Art/Textures/T_RecordPlayer_04_ALB.uexp" 942
"C:/Users/LabTIME/Documents/Unreal Projects/TocaDiscos/Content/Art/Textures/T_RecordPlayer_04_N.ubulk" 943
"C:/Users/LabTIME/Documents/Unreal Projects/TocaDiscos/Content/Art/Textures/T_RecordPlayer_04_N.uasset" 944
"C:/Users/LabTIME/Documents/Unreal Projects/TocaDiscos/Content/Art/Textures/T_RecordPlayer_04_N.uexp" 945
"C:/Users/LabTIME/Documents/Unreal Projects/TocaDiscos/Content/Art/Textures/T_RecordPlayer_04_ORM.ubulk" 946
"C:/Users/LabTIME/Documents/Unreal Projects/TocaDiscos/Content/Art/Textures/T_RecordPlayer_04_ORM.uasset" 947
"C:/Users/LabTIME/Documents/Unreal Projects/TocaDiscos/Content/Art/Textures/T_RecordPlayer_04_ORM.uexp" 948
"C:/Users/LabTIME/Documents/Unreal Projects/TocaDiscos/Content/Art/Materials/M_RecordPlayer_05.uasset" 949
"C:/Users/LabTIME/Documents/Unreal Projects/TocaDiscos/Content/Art/Materials/M_RecordPlayer_05.uexp" 950
"C:/Users/LabTIME/Documents/Unreal Projects/TocaDiscos/Content/Art/Meshes/PA_Speaker_PhysicsAsset.uasset" 951
"C:/Users/LabTIME/Documents/Unreal Projects/TocaDiscos/Content/Art/Meshes/PA_Speaker_PhysicsAsset.uexp" 952
"C:/Users/LabTIME/Documents/Unreal Projects/TocaDiscos/Content/Art/Meshes/SK_Speaker_Skeleton.uasset" 953
"C:/Users/LabTIME/Documents/Unreal Projects/TocaDiscos/Content/Art/Meshes/SK_Speaker_Skeleton.uexp" 954
"C:/Users/LabTIME/Documents/Unreal Projects/TocaDiscos/Content/Art/Meshes/SKM_Speaker.uasset" 955
"C:/Users/LabTIME/Documents/Unreal Projects/TocaDiscos/Content/Art/Meshes/SKM_Speaker.uexp" 956
"../../../Engine/Content/EngineSky/T_Sky_Stars.ubulk" 957
"../../../Engine/Content/EngineSky/T_Sky_Stars.uasset" 958
"../../../Engine/Content/EngineSky/T_Sky_Stars.uexp" 959
"../../../Engine/Content/EngineSky/T_Sky_Clouds_M.ubulk" 960
"../../../Engine/Content/EngineSky/T_Sky_Clouds_M.uasset" 961
"../../../Engine/Content/EngineSky/T_Sky_Clouds_M.uexp" 962
"../../../Engine/Content/EngineSky/T_Sky_Blue.ubulk" 963
"../../../Engine/Content/EngineSky/T_Sky_Blue.uasset" 964
"../../../Engine/Content/EngineSky/T_Sky_Blue.uexp" 965
"../../../Engine/Content/EngineSky/M_Sky_Panning_Clouds2.uasset" 966
"../../../Engine/Content/EngineSky/M_Sky_Panning_Clouds2.uexp" 967
"../../../Engine/Content/EngineSky/SM_SkySphere.ubulk" 968
"../../../Engine/Content/EngineSky/SM_SkySphere.uasset" 969
"../../../Engine/Content/EngineSky/SM_SkySphere.uexp" 970
"../../../Engine/Content/BasicShapes/BasicShapeMaterial.uasset" 971
"../../../Engine/Content/BasicShapes/BasicShapeMaterial.uexp" 972
"../../../Engine/Content/EngineSky/M_SimpleSkyDome.uasset" 973
"../../../Engine/Content/EngineSky/M_SimpleSkyDome.uexp" 974
"C:/Users/LabTIME/Documents/Unreal Projects/TocaDiscos/Content/Art/Meshes/SM_Speaker_geo.ubulk" 975
"C:/Users/LabTIME/Documents/Unreal Projects/TocaDiscos/Content/Art/Meshes/SM_Speaker_geo.uasset" 976
"C:/Users/LabTIME/Documents/Unreal Projects/TocaDiscos/Content/Art/Meshes/SM_Speaker_geo.uexp" 977
"C:/Users/LabTIME/Documents/Unreal Projects/TocaDiscos/Content/Maps/TocaDiscos.uexp" 978
"C:/Users/LabTIME/Documents/Unreal Projects/TocaDiscos/Content/Maps/TocaDiscos.umap" 979
"C:/Users/LabTIME/Documents/Unreal Projects/TocaDiscos/Content/Blueprints/Widgets/WBP_MainMenu_MainUi.uasset" 980
"C:/Users/LabTIME/Documents/Unreal Projects/TocaDiscos/Content/Blueprints/Widgets/WBP_MainMenu_MainUi.uexp" 981
"C:/Users/LabTIME/Documents/Unreal Projects/TocaDiscos/Content/Input/IA_StartGame.uasset" 982
"C:/Users/LabTIME/Documents/Unreal Projects/TocaDiscos/Content/Input/IA_StartGame.uexp" 983
"C:/Users/LabTIME/Documents/Unreal Projects/TocaDiscos/Content/Input/IMC_MainMenu.uasset" 984
"C:/Users/LabTIME/Documents/Unreal Projects/TocaDiscos/Content/Input/IMC_MainMenu.uexp" 985
"C:/Users/LabTIME/Documents/Unreal Projects/TocaDiscos/Content/GameFramework/Player/BP_Player_MainMenu.uasset" 986
"C:/Users/LabTIME/Documents/Unreal Projects/TocaDiscos/Content/GameFramework/Player/BP_Player_MainMenu.uexp" 987
"C:/Users/LabTIME/Documents/Unreal Projects/TocaDiscos/Content/GameFramework/GM_MainMenu.uasset" 988
"C:/Users/LabTIME/Documents/Unreal Projects/TocaDiscos/Content/GameFramework/GM_MainMenu.uexp" 989
"C:/Users/LabTIME/Documents/Unreal Projects/TocaDiscos/Content/Maps/MainMenu.uexp" 990
"C:/Users/LabTIME/Documents/Unreal Projects/TocaDiscos/Content/Maps/MainMenu.umap" 991
"../../../Engine/Content/Maps/Entry_BuiltData.uasset" 992
"../../../Engine/Content/Maps/Entry_BuiltData.uexp" 993
"../../../Engine/Content/Maps/Entry.uexp" 994
"../../../Engine/Content/Maps/Entry.umap" 995
